{"level":"info","message":"API iniciada en el puerto 5000","timestamp":"2022-02-24T06:30:47.367Z"}
{"level":"info","message":"Conectado a la base de datos MongoDB","timestamp":"2022-02-24T06:30:47.383Z"}
{"level":"info","message":"Usuario creado exitosamente: {\n  username: 'Pancho',\n  profilepicture: '',\n  fullname: 'Ala Soy Pancho Memo',\n  email: 'PanchoMemo123@mail.com',\n  password: 'PacoMemo123',\n  _id: new ObjectId(\"621726473460be8a87a14796\"),\n  __v: 0\n}","timestamp":"2022-02-24T06:31:35.164Z"}
{"level":"info","message":"Usuario creado exitosamente: {\n  username: 'Pepito',\n  profilepicture: '',\n  fullname: 'Ala Soy Pancho Memo',\n  email: 'PepitoJ@mail.com',\n  password: 'PacoMemo123',\n  _id: new ObjectId(\"6217265d3460be8a87a14798\"),\n  __v: 0\n}","timestamp":"2022-02-24T06:31:57.383Z"}
{"level":"info","message":"Trabajador creado exitosamente: {\n  _ocupations: [],\n  businessname: 'EaeaeEaeaeEaeaeEaeaeEaeaeEaeae',\n  rating: 2,\n  _id: new ObjectId(\"621726d03460be8a87a1479a\"),\n  __v: 0\n}","timestamp":"2022-02-24T06:33:52.321Z"}
{"_message":"ocupation validation failed","errors":{"description":{"kind":"minlength","message":"La descripción es muy corta","name":"ValidatorError","path":"description","properties":{"message":"La descripción es muy corta","minlength":20,"path":"description","type":"minlength","value":"Comoestás"},"value":"Comoestás"},"title":{"kind":"minlength","message":"El título es muy corto","name":"ValidatorError","path":"title","properties":{"message":"El título es muy corto","minlength":5,"path":"title","type":"minlength","value":"Ola"},"value":"Ola"}},"level":"error","timestamp":"2022-02-24T06:33:59.218Z"}
{"_message":"ocupation validation failed","errors":{"description":{"kind":"minlength","message":"La descripción es muy corta","name":"ValidatorError","path":"description","properties":{"message":"La descripción es muy corta","minlength":20,"path":"description","type":"minlength","value":"Comoestás"},"value":"Comoestás"}},"level":"error","timestamp":"2022-02-24T06:34:07.833Z"}
{"level":"info","message":"Ocupación creada exitosamente: {\n  title: 'OlaJIJI',\n  description: 'ComoestásComoestásComoestásComoestásComoestás',\n  _id: new ObjectId(\"621726e73460be8a87a1479e\"),\n  __v: 0\n}","timestamp":"2022-02-24T06:34:15.644Z"}
{"_message":"multimedia validation failed","errors":{"shortdescription":{"kind":"minlength","message":"La descripción es muy corta","name":"ValidatorError","path":"shortdescription","properties":{"message":"La descripción es muy corta","minlength":20,"path":"shortdescription","type":"minlength","value":"Olaola"},"value":"Olaola"}},"level":"error","timestamp":"2022-02-24T06:34:40.226Z"}
{"level":"info","message":"Multimedia creada exitosamente: {\n  title: 'LaCaidaDeEdgar',\n  url: 'Chustub.com',\n  shortdescription: 'Olaolaolaolaolaolaolaola',\n  _id: new ObjectId(\"6217270b3460be8a87a147a1\"),\n  __v: 0\n}","timestamp":"2022-02-24T06:34:51.781Z"}
{"level":"info","message":"Categorías - Controlador De Reporte creado exitosamente: {\n  name: 'Olas',\n  description: 'comoestasuwuwuwu',\n  _id: new ObjectId(\"621727143460be8a87a147a3\"),\n  __v: 0\n}","timestamp":"2022-02-24T06:35:00.454Z"}
{"_message":"report validation failed","errors":{"issue_record.0.date":{"kind":"required","message":"Fecha es requisito","name":"ValidatorError","path":"date","properties":{"message":"Fecha es requisito","path":"date","type":"required","value":null},"value":null}},"level":"error","timestamp":"2022-02-24T06:35:08.917Z"}
{"_message":"locality validation failed","errors":{"state":{"kind":"maxlength","message":"Estado es muy largo","name":"ValidatorError","path":"state","properties":{"maxlength":30,"message":"Estado es muy largo","path":"state","type":"maxlength","value":"PerritolandiaPerritolandiaPerritolandiaPerritolandiaPerritolandia"},"value":"PerritolandiaPerritolandiaPerritolandiaPerritolandiaPerritolandia"}},"level":"error","timestamp":"2022-02-24T06:35:16.762Z"}
{"level":"info","message":"Localidad creada exitosamente: {\n  country: 'Paquitolandia',\n  city: 'Glass',\n  state: 'Perritolandia',\n  _id: new ObjectId(\"621727323460be8a87a147a8\"),\n  __v: 0\n}","timestamp":"2022-02-24T06:35:30.053Z"}
{"level":"info","message":"API iniciada en el puerto 5000","timestamp":"2022-04-19T01:26:03.855Z"}
{"level":"info","message":"Conectado a la base de datos MongoDB","timestamp":"2022-04-19T01:26:03.896Z"}
{"level":"info","message":"API iniciada en el puerto 5000","timestamp":"2022-04-19T05:30:21.052Z"}
{"level":"info","message":"Conectado a la base de datos MongoDB","timestamp":"2022-04-19T05:30:21.069Z"}
{"_message":"user validation failed","errors":{"email":{"kind":"required","message":"Email es requisito","name":"ValidatorError","path":"email","properties":{"message":"Email es requisito","path":"email","type":"required"}},"fullname":{"kind":"required","message":"Fullname es requisito","name":"ValidatorError","path":"fullname","properties":{"message":"Fullname es requisito","path":"fullname","type":"required"}},"password":{"kind":"required","message":"Contraseña es requisito","name":"ValidatorError","path":"password","properties":{"message":"Contraseña es requisito","path":"password","type":"required"}},"username":{"kind":"required","message":"Username es requisito","name":"ValidatorError","path":"username","properties":{"message":"Username es requisito","path":"username","type":"required"}}},"level":"error","timestamp":"2022-04-19T07:48:28.592Z"}
{"_message":"user validation failed","errors":{"email":{"kind":"required","message":"Email es requisito","name":"ValidatorError","path":"email","properties":{"message":"Email es requisito","path":"email","type":"required"}},"fullname":{"kind":"required","message":"Fullname es requisito","name":"ValidatorError","path":"fullname","properties":{"message":"Fullname es requisito","path":"fullname","type":"required"}},"password":{"kind":"required","message":"Contraseña es requisito","name":"ValidatorError","path":"password","properties":{"message":"Contraseña es requisito","path":"password","type":"required"}},"username":{"kind":"required","message":"Username es requisito","name":"ValidatorError","path":"username","properties":{"message":"Username es requisito","path":"username","type":"required"}}},"level":"error","timestamp":"2022-04-19T07:49:44.491Z"}
{"_message":"user validation failed","errors":{"email":{"kind":"required","message":"Email es requisito","name":"ValidatorError","path":"email","properties":{"message":"Email es requisito","path":"email","type":"required"}},"fullname":{"kind":"required","message":"Fullname es requisito","name":"ValidatorError","path":"fullname","properties":{"message":"Fullname es requisito","path":"fullname","type":"required"}},"password":{"kind":"required","message":"Contraseña es requisito","name":"ValidatorError","path":"password","properties":{"message":"Contraseña es requisito","path":"password","type":"required"}},"username":{"kind":"required","message":"Username es requisito","name":"ValidatorError","path":"username","properties":{"message":"Username es requisito","path":"username","type":"required"}}},"level":"error","timestamp":"2022-04-19T07:51:04.189Z"}
{"_message":"user validation failed","errors":{"email":{"kind":"required","message":"Email es requisito","name":"ValidatorError","path":"email","properties":{"message":"Email es requisito","path":"email","type":"required"}},"fullname":{"kind":"required","message":"Fullname es requisito","name":"ValidatorError","path":"fullname","properties":{"message":"Fullname es requisito","path":"fullname","type":"required"}},"password":{"kind":"required","message":"Contraseña es requisito","name":"ValidatorError","path":"password","properties":{"message":"Contraseña es requisito","path":"password","type":"required"}},"username":{"kind":"required","message":"Username es requisito","name":"ValidatorError","path":"username","properties":{"message":"Username es requisito","path":"username","type":"required"}}},"level":"error","timestamp":"2022-04-19T07:52:14.235Z"}
{"_message":"user validation failed","errors":{"email":{"kind":"required","message":"Email es requisito","name":"ValidatorError","path":"email","properties":{"message":"Email es requisito","path":"email","type":"required"}},"fullname":{"kind":"required","message":"Fullname es requisito","name":"ValidatorError","path":"fullname","properties":{"message":"Fullname es requisito","path":"fullname","type":"required"}},"password":{"kind":"required","message":"Contraseña es requisito","name":"ValidatorError","path":"password","properties":{"message":"Contraseña es requisito","path":"password","type":"required"}},"username":{"kind":"required","message":"Username es requisito","name":"ValidatorError","path":"username","properties":{"message":"Username es requisito","path":"username","type":"required"}}},"level":"error","timestamp":"2022-04-19T07:56:10.708Z"}
{"_message":"user validation failed","errors":{"email":{"kind":"required","message":"Email es requisito","name":"ValidatorError","path":"email","properties":{"message":"Email es requisito","path":"email","type":"required"}},"fullname":{"kind":"required","message":"Fullname es requisito","name":"ValidatorError","path":"fullname","properties":{"message":"Fullname es requisito","path":"fullname","type":"required"}},"password":{"kind":"required","message":"Contraseña es requisito","name":"ValidatorError","path":"password","properties":{"message":"Contraseña es requisito","path":"password","type":"required"}},"username":{"kind":"required","message":"Username es requisito","name":"ValidatorError","path":"username","properties":{"message":"Username es requisito","path":"username","type":"required"}}},"level":"error","timestamp":"2022-04-19T07:56:21.723Z"}
{"_message":"user validation failed","errors":{"email":{"kind":"required","message":"Email es requisito","name":"ValidatorError","path":"email","properties":{"message":"Email es requisito","path":"email","type":"required"}},"fullname":{"kind":"required","message":"Fullname es requisito","name":"ValidatorError","path":"fullname","properties":{"message":"Fullname es requisito","path":"fullname","type":"required"}},"password":{"kind":"required","message":"Contraseña es requisito","name":"ValidatorError","path":"password","properties":{"message":"Contraseña es requisito","path":"password","type":"required"}},"username":{"kind":"required","message":"Username es requisito","name":"ValidatorError","path":"username","properties":{"message":"Username es requisito","path":"username","type":"required"}}},"level":"error","timestamp":"2022-04-19T07:56:33.242Z"}
{"_message":"user validation failed","errors":{"email":{"kind":"required","message":"Email es requisito","name":"ValidatorError","path":"email","properties":{"message":"Email es requisito","path":"email","type":"required"}},"fullname":{"kind":"required","message":"Fullname es requisito","name":"ValidatorError","path":"fullname","properties":{"message":"Fullname es requisito","path":"fullname","type":"required"}},"password":{"kind":"required","message":"Contraseña es requisito","name":"ValidatorError","path":"password","properties":{"message":"Contraseña es requisito","path":"password","type":"required"}},"username":{"kind":"required","message":"Username es requisito","name":"ValidatorError","path":"username","properties":{"message":"Username es requisito","path":"username","type":"required"}}},"level":"error","timestamp":"2022-04-19T07:56:44.303Z"}
{"_message":"user validation failed","errors":{"email":{"kind":"required","message":"Email es requisito","name":"ValidatorError","path":"email","properties":{"message":"Email es requisito","path":"email","type":"required"}},"fullname":{"kind":"required","message":"Fullname es requisito","name":"ValidatorError","path":"fullname","properties":{"message":"Fullname es requisito","path":"fullname","type":"required"}},"password":{"kind":"required","message":"Contraseña es requisito","name":"ValidatorError","path":"password","properties":{"message":"Contraseña es requisito","path":"password","type":"required"}},"username":{"kind":"required","message":"Username es requisito","name":"ValidatorError","path":"username","properties":{"message":"Username es requisito","path":"username","type":"required"}}},"level":"error","timestamp":"2022-04-19T07:56:53.981Z"}
{"_message":"user validation failed","errors":{"email":{"kind":"required","message":"Email es requisito","name":"ValidatorError","path":"email","properties":{"message":"Email es requisito","path":"email","type":"required"}},"fullname":{"kind":"required","message":"Fullname es requisito","name":"ValidatorError","path":"fullname","properties":{"message":"Fullname es requisito","path":"fullname","type":"required"}},"password":{"kind":"required","message":"Contraseña es requisito","name":"ValidatorError","path":"password","properties":{"message":"Contraseña es requisito","path":"password","type":"required"}},"username":{"kind":"required","message":"Username es requisito","name":"ValidatorError","path":"username","properties":{"message":"Username es requisito","path":"username","type":"required"}}},"level":"error","timestamp":"2022-04-19T07:57:48.244Z"}
{"_message":"user validation failed","errors":{"email":{"kind":"required","message":"Email es requisito","name":"ValidatorError","path":"email","properties":{"message":"Email es requisito","path":"email","type":"required"}},"fullname":{"kind":"required","message":"Fullname es requisito","name":"ValidatorError","path":"fullname","properties":{"message":"Fullname es requisito","path":"fullname","type":"required"}},"password":{"kind":"required","message":"Contraseña es requisito","name":"ValidatorError","path":"password","properties":{"message":"Contraseña es requisito","path":"password","type":"required"}},"username":{"kind":"required","message":"Username es requisito","name":"ValidatorError","path":"username","properties":{"message":"Username es requisito","path":"username","type":"required"}}},"level":"error","timestamp":"2022-04-19T07:58:03.777Z"}
{"_message":"user validation failed","errors":{"email":{"kind":"required","message":"Email es requisito","name":"ValidatorError","path":"email","properties":{"message":"Email es requisito","path":"email","type":"required"}},"fullname":{"kind":"required","message":"Fullname es requisito","name":"ValidatorError","path":"fullname","properties":{"message":"Fullname es requisito","path":"fullname","type":"required"}},"password":{"kind":"required","message":"Contraseña es requisito","name":"ValidatorError","path":"password","properties":{"message":"Contraseña es requisito","path":"password","type":"required"}},"username":{"kind":"required","message":"Username es requisito","name":"ValidatorError","path":"username","properties":{"message":"Username es requisito","path":"username","type":"required"}}},"level":"error","timestamp":"2022-04-19T07:58:15.463Z"}
{"_message":"user validation failed","errors":{"email":{"kind":"required","message":"Email es requisito","name":"ValidatorError","path":"email","properties":{"message":"Email es requisito","path":"email","type":"required"}},"fullname":{"kind":"required","message":"Fullname es requisito","name":"ValidatorError","path":"fullname","properties":{"message":"Fullname es requisito","path":"fullname","type":"required"}},"password":{"kind":"required","message":"Contraseña es requisito","name":"ValidatorError","path":"password","properties":{"message":"Contraseña es requisito","path":"password","type":"required"}},"username":{"kind":"required","message":"Username es requisito","name":"ValidatorError","path":"username","properties":{"message":"Username es requisito","path":"username","type":"required"}}},"level":"error","timestamp":"2022-04-19T07:58:46.497Z"}
{"_message":"user validation failed","errors":{"email":{"kind":"required","message":"Email es requisito","name":"ValidatorError","path":"email","properties":{"message":"Email es requisito","path":"email","type":"required"}},"fullname":{"kind":"required","message":"Fullname es requisito","name":"ValidatorError","path":"fullname","properties":{"message":"Fullname es requisito","path":"fullname","type":"required"}},"password":{"kind":"required","message":"Contraseña es requisito","name":"ValidatorError","path":"password","properties":{"message":"Contraseña es requisito","path":"password","type":"required"}},"username":{"kind":"required","message":"Username es requisito","name":"ValidatorError","path":"username","properties":{"message":"Username es requisito","path":"username","type":"required"}}},"level":"error","timestamp":"2022-04-19T08:04:45.438Z"}
{"_message":"user validation failed","errors":{"email":{"kind":"required","message":"Email es requisito","name":"ValidatorError","path":"email","properties":{"message":"Email es requisito","path":"email","type":"required"}},"fullname":{"kind":"required","message":"Fullname es requisito","name":"ValidatorError","path":"fullname","properties":{"message":"Fullname es requisito","path":"fullname","type":"required"}},"password":{"kind":"required","message":"Contraseña es requisito","name":"ValidatorError","path":"password","properties":{"message":"Contraseña es requisito","path":"password","type":"required"}},"username":{"kind":"required","message":"Username es requisito","name":"ValidatorError","path":"username","properties":{"message":"Username es requisito","path":"username","type":"required"}}},"level":"error","timestamp":"2022-04-19T08:05:40.563Z"}
{"_message":"user validation failed","errors":{"email":{"kind":"minlength","message":"Email es muy corto","name":"ValidatorError","path":"email","properties":{"message":"Email es muy corto","minlength":10,"path":"email","type":"minlength","value":"utviktguv"},"value":"utviktguv"},"fullname":{"kind":"minlength","message":"Fullname es muy corto","name":"ValidatorError","path":"fullname","properties":{"message":"Fullname es muy corto","minlength":10,"path":"fullname","type":"minlength","value":"ghv uktv"},"value":"ghv uktv"}},"level":"error","timestamp":"2022-04-19T08:06:36.955Z"}
{"level":"info","message":"Usuario creado exitosamente: {\n  username: 'kutytgvfytvvtv',\n  profilepicture: '',\n  fullname: 'ghv jh bjhb hybuiygvbuktv',\n  email: 'utviktjgvkjgtvguv',\n  password: 'utvokutvrguotv',\n  _id: new ObjectId(\"625e6da52acdb941cd0605e6\"),\n  __v: 0\n}","timestamp":"2022-04-19T08:07:01.548Z"}
{"_message":"user validation failed","errors":{"email":{"kind":"required","message":"Email es requisito","name":"ValidatorError","path":"email","properties":{"message":"Email es requisito","path":"email","type":"required"}},"fullname":{"kind":"required","message":"Fullname es requisito","name":"ValidatorError","path":"fullname","properties":{"message":"Fullname es requisito","path":"fullname","type":"required"}},"password":{"kind":"required","message":"Contraseña es requisito","name":"ValidatorError","path":"password","properties":{"message":"Contraseña es requisito","path":"password","type":"required"}},"username":{"kind":"required","message":"Username es requisito","name":"ValidatorError","path":"username","properties":{"message":"Username es requisito","path":"username","type":"required"}}},"level":"error","timestamp":"2022-04-19T08:07:17.576Z"}
{"_message":"user validation failed","errors":{"email":{"kind":"required","message":"Email es requisito","name":"ValidatorError","path":"email","properties":{"message":"Email es requisito","path":"email","type":"required"}},"fullname":{"kind":"required","message":"Fullname es requisito","name":"ValidatorError","path":"fullname","properties":{"message":"Fullname es requisito","path":"fullname","type":"required"}},"password":{"kind":"required","message":"Contraseña es requisito","name":"ValidatorError","path":"password","properties":{"message":"Contraseña es requisito","path":"password","type":"required"}},"username":{"kind":"required","message":"Username es requisito","name":"ValidatorError","path":"username","properties":{"message":"Username es requisito","path":"username","type":"required"}}},"level":"error","timestamp":"2022-04-19T08:08:10.893Z"}
{"level":"info","message":"Usuario creado exitosamente: {\n  username: 'kutyvtvhfrcjytviut',\n  profilepicture: '',\n  fullname: 'ghv uktvuvkugtv jkguv jktgv',\n  email: 'utviktguvtujgvtukviutv',\n  password: 'utvokutvrguotvhhyiktfv',\n  _id: new ObjectId(\"625e6e762acdb941cd0605ea\"),\n  __v: 0\n}","timestamp":"2022-04-19T08:10:30.815Z"}
{"code":11000,"index":0,"keyPattern":{"username":1},"keyValue":{"username":"kutyvtvhfrcjytviut"},"level":"error","timestamp":"2022-04-19T08:13:58.709Z"}
{"_message":"user validation failed","errors":{"profilepicture":{"kind":"string","message":"Cast to string failed for value \"{}\" (type Object) at path \"profilepicture\"","name":"CastError","path":"profilepicture","reason":null,"stringValue":"\"{}\"","value":{},"valueType":"Object"}},"level":"error","timestamp":"2022-04-19T08:14:59.206Z"}
{"_message":"user validation failed","errors":{"profilepicture":{"kind":"string","message":"Cast to string failed for value \"{}\" (type Object) at path \"profilepicture\"","name":"CastError","path":"profilepicture","reason":null,"stringValue":"\"{}\"","value":{},"valueType":"Object"}},"level":"error","timestamp":"2022-04-19T08:16:58.965Z"}
{"_message":"user validation failed","errors":{"profilepicture":{"kind":"string","message":"Cast to string failed for value \"{}\" (type Object) at path \"profilepicture\"","name":"CastError","path":"profilepicture","reason":null,"stringValue":"\"{}\"","value":{},"valueType":"Object"}},"level":"error","timestamp":"2022-04-19T08:23:48.019Z"}
{"_message":"user validation failed","errors":{"fullname":{"kind":"minlength","message":"Fullname es muy corto","name":"ValidatorError","path":"fullname","properties":{"message":"Fullname es muy corto","minlength":10,"path":"fullname","type":"minlength","value":"Daikichi"},"value":"Daikichi"},"profilepicture":{"kind":"string","message":"Cast to string failed for value \"{}\" (type Object) at path \"profilepicture\"","name":"CastError","path":"profilepicture","reason":null,"stringValue":"\"{}\"","value":{},"valueType":"Object"}},"level":"error","timestamp":"2022-04-19T08:24:19.116Z"}
{"_message":"user validation failed","errors":{"fullname":{"kind":"minlength","message":"Fullname es muy corto","name":"ValidatorError","path":"fullname","properties":{"message":"Fullname es muy corto","minlength":10,"path":"fullname","type":"minlength","value":"Daikichi"},"value":"Daikichi"},"profilepicture":{"kind":"string","message":"Cast to string failed for value \"{ '0': {} }\" (type Object) at path \"profilepicture\"","name":"CastError","path":"profilepicture","reason":null,"stringValue":"\"{ '0': {} }\"","value":{"0":{}},"valueType":"Object"}},"level":"error","timestamp":"2022-04-19T08:28:37.100Z"}
{"_message":"user validation failed","errors":{"fullname":{"kind":"minlength","message":"Fullname es muy corto","name":"ValidatorError","path":"fullname","properties":{"message":"Fullname es muy corto","minlength":10,"path":"fullname","type":"minlength","value":"Daikichi"},"value":"Daikichi"}},"level":"error","timestamp":"2022-04-19T08:35:52.460Z"}
{"_message":"user validation failed","errors":{"fullname":{"kind":"minlength","message":"Fullname es muy corto","name":"ValidatorError","path":"fullname","properties":{"message":"Fullname es muy corto","minlength":10,"path":"fullname","type":"minlength","value":"Daikichi"},"value":"Daikichi"}},"level":"error","timestamp":"2022-04-19T08:36:36.714Z"}
{"_message":"user validation failed","errors":{"fullname":{"kind":"minlength","message":"Fullname es muy corto","name":"ValidatorError","path":"fullname","properties":{"message":"Fullname es muy corto","minlength":10,"path":"fullname","type":"minlength","value":"Daikichi"},"value":"Daikichi"}},"level":"error","timestamp":"2022-04-19T08:39:32.241Z"}
{"_message":"user validation failed","errors":{"fullname":{"kind":"minlength","message":"Fullname es muy corto","name":"ValidatorError","path":"fullname","properties":{"message":"Fullname es muy corto","minlength":10,"path":"fullname","type":"minlength","value":"Daikichi"},"value":"Daikichi"}},"level":"error","timestamp":"2022-04-19T08:39:47.709Z"}
{"level":"info","message":"Usuario creado exitosamente: {\n  username: 'uyvbuioytvbuiovuoivu',\n  profilepicture: '',\n  fullname: 'uyhbouybuyvbuiv',\n  email: 'vouyvbouvybuvyouiy',\n  password: 'ouiyvouiyvbouiyoiuy',\n  _id: new ObjectId(\"625e75612acdb941cd0605f7\"),\n  __v: 0\n}","timestamp":"2022-04-19T08:40:01.592Z"}
{"level":"info","message":"API iniciada en el puerto 5000","timestamp":"2022-04-19T22:36:41.506Z"}
{"level":"info","message":"Conectado a la base de datos MongoDB","timestamp":"2022-04-19T22:36:41.526Z"}
{"level":"info","message":"Usuario creado exitosamente: {\n  username: 'oiuyuioybolyboiuy',\n  profilepicture: '',\n  fullname: 'uhgvbolbyoiuyb',\n  email: 'gboiybgoiyhgbolyibg',\n  password: 'oyiolyibolyi8olyib',\n  _id: new ObjectId(\"625f3a9e8e6f15f580234959\"),\n  __v: 0\n}","timestamp":"2022-04-19T22:41:34.366Z"}
{"code":11000,"index":0,"keyPattern":{"username":1},"keyValue":{"username":"oiuyuioybolyboiuy"},"level":"error","timestamp":"2022-04-19T22:41:48.056Z"}
{"code":11000,"index":0,"keyPattern":{"username":1},"keyValue":{"username":"oiuyuioybolyboiuy"},"level":"error","timestamp":"2022-04-19T22:42:01.495Z"}
{"code":11000,"index":0,"keyPattern":{"username":1},"keyValue":{"username":"oiuyuioybolyboiuy"},"level":"error","timestamp":"2022-04-19T22:42:17.880Z"}
{"_message":"user validation failed","errors":{"username":{"kind":"required","message":"Username es requisito","name":"ValidatorError","path":"username","properties":{"message":"Username es requisito","path":"username","type":"required","value":""},"value":""}},"level":"error","timestamp":"2022-04-19T22:42:56.485Z"}
{"code":11000,"index":0,"keyPattern":{"email":1},"keyValue":{"email":"gboiybgoiyhgbolyibg"},"level":"error","timestamp":"2022-04-19T22:43:44.785Z"}
{"level":"info","message":"Usuario creado exitosamente: {\n  username: 'hgkjg bvkj bjyhtfcvyit',\n  profilepicture: '',\n  fullname: 'uhgvbolbyoiuyb',\n  email: 'gboiybgoiyhgbolyibg',\n  password: 'oyiolyibolyi8olyib',\n  _id: new ObjectId(\"625f3b348e6f15f580234964\"),\n  __v: 0\n}","timestamp":"2022-04-19T22:44:04.113Z"}
{"level":"info","message":"Usuario creado exitosamente: {\n  username: 'hgkjg bvkj bjyhtfcvyit',\n  profilepicture: '',\n  fullname: 'uhgvbolbyoiuyb',\n  email: 'gboiybgoiyhgbolyibg',\n  password: 'oyiolyibolyi8olyib',\n  _id: new ObjectId(\"625f3b3b8e6f15f580234966\"),\n  __v: 0\n}","timestamp":"2022-04-19T22:44:11.473Z"}
{"code":11000,"index":0,"keyPattern":{"username":1},"keyValue":{"username":"hgkjg bvkj bjyhtfcvyit"},"level":"error","timestamp":"2022-04-19T22:44:55.955Z"}
{"code":11000,"index":0,"keyPattern":{"username":1},"keyValue":{"username":"hgkjg bvkj bjyhtfcvyit"},"level":"error","timestamp":"2022-04-19T22:45:12.171Z"}
{"code":11000,"index":0,"keyPattern":{"username":1},"keyValue":{"username":"hgkjg bvkj bjyhtfcvyit"},"level":"error","timestamp":"2022-04-19T22:53:19.468Z"}
{"code":11000,"index":0,"keyPattern":{"username":1},"keyValue":{"username":"hgkjg bvkj bjyhtfcvyit"},"level":"error","timestamp":"2022-04-19T22:57:59.131Z"}
{"code":11000,"index":0,"keyPattern":{"username":1},"keyValue":{"username":"hgkjg bvkj bjyhtfcvyit"},"level":"error","timestamp":"2022-04-19T22:58:10.426Z"}
{"code":11000,"index":0,"keyPattern":{"username":1},"keyValue":{"username":"hgkjg bvkj bjyhtfcvyit"},"level":"error","timestamp":"2022-04-19T23:01:41.142Z"}
{"code":11000,"index":0,"keyPattern":{"username":1},"keyValue":{"username":"hgkjg bvkj bjyhtfcvyit"},"level":"error","timestamp":"2022-04-19T23:06:12.652Z"}
{"code":11000,"index":0,"keyPattern":{"username":1},"keyValue":{"username":"hgkjg bvkj bjyhtfcvyit"},"level":"error","timestamp":"2022-04-19T23:08:08.786Z"}
{"code":11000,"index":0,"keyPattern":{"username":1},"keyValue":{"username":"hgkjg bvkj bjyhtfcvyit"},"level":"error","timestamp":"2022-04-19T23:10:28.275Z"}
{"level":"info","message":"Usuario creado exitosamente: {\n  username: 'hgkjg bvkj bjyhtfcvyit',\n  profilepicture: '',\n  fullname: 'uhgvbolbyoiuyb',\n  email: 'gboiybgoiyhgbolyibg',\n  password: 'oyiolyibolyi8olyib',\n  _id: new ObjectId(\"625f417c8e6f15f58023497a\"),\n  __v: 0\n}","timestamp":"2022-04-19T23:10:52.424Z"}
{"level":"info","message":"Usuario creado exitosamente: {\n  username: 'hgkjg bvkj bjyhtfcvyit',\n  profilepicture: '',\n  fullname: 'uhgvbolbyoiuyb',\n  email: 'gboiybgoiyhgbolyibg',\n  password: 'oyiolyibolyi8olyib',\n  _id: new ObjectId(\"625f41ba8e6f15f58023497c\"),\n  __v: 0\n}","timestamp":"2022-04-19T23:11:54.115Z"}
{"level":"info","message":"Usuario creado exitosamente: {\n  username: 'hgkjg bvkj bjyhtfcvyit',\n  profilepicture: '',\n  fullname: 'uhgvbolbyoiuyb',\n  email: 'gboiybgoiyhgbolyibg',\n  password: 'oyiolyibolyi8olyib',\n  _id: new ObjectId(\"625f441b8e6f15f58023497e\"),\n  __v: 0\n}","timestamp":"2022-04-19T23:22:03.627Z"}
{"code":11000,"index":0,"keyPattern":{"username":1},"keyValue":{"username":"hgkjg bvkj bjyhtfcvyit"},"level":"error","timestamp":"2022-04-19T23:22:07.719Z"}
{"code":11000,"index":0,"keyPattern":{"username":1},"keyValue":{"username":"hgkjg bvkj bjyhtfcvyit"},"level":"error","timestamp":"2022-04-19T23:23:18.649Z"}
{"code":11000,"index":0,"keyPattern":{"username":1},"keyValue":{"username":"hgkjg bvkj bjyhtfcvyit"},"level":"error","timestamp":"2022-04-19T23:23:24.439Z"}
{"code":11000,"index":0,"keyPattern":{"username":1},"keyValue":{"username":"hgkjg bvkj bjyhtfcvyit"},"level":"error","timestamp":"2022-04-19T23:23:43.651Z"}
{"code":11000,"index":0,"keyPattern":{"username":1},"keyValue":{"username":"hgkjg bvkj bjyhtfcvyit"},"level":"error","timestamp":"2022-04-19T23:26:13.430Z"}
{"level":"info","message":"Usuario creado exitosamente: {\n  username: 'hgkjg bvkj bjyhtfcvyit',\n  profilepicture: '',\n  fullname: 'uhgvbolbyoiuyb',\n  email: 'gboiybgoiyhgbolyibg',\n  password: 'oyiolyibolyi8olyib',\n  _id: new ObjectId(\"625f45258e6f15f58023498a\"),\n  __v: 0\n}","timestamp":"2022-04-19T23:26:29.030Z"}
{"level":"info","message":"API iniciada en el puerto 5000","timestamp":"2022-04-20T01:34:13.942Z"}
{"level":"info","message":"Conectado a la base de datos MongoDB","timestamp":"2022-04-20T01:34:13.967Z"}
{"level":"info","message":"API iniciada en el puerto 5000","timestamp":"2022-04-20T02:11:57.083Z"}
{"level":"info","message":"Conectado a la base de datos MongoDB","timestamp":"2022-04-20T02:11:57.099Z"}
{"level":"info","message":"Usuario creado exitosamente: {\n  username: 'yibolyibioybioyb',\n  profilepicture: '',\n  fullname: 'lkbjhliyhboluitgi7tf',\n  email: 'iybiuybipoyubioy',\n  password: 'bioybuyiobibyi',\n  _id: new ObjectId(\"625f6bf1d73b31428cc33033\"),\n  __v: 0\n}","timestamp":"2022-04-20T02:12:01.159Z"}
{"level":"info","message":"API iniciada en el puerto 5000","timestamp":"2022-04-20T02:12:56.965Z"}
{"level":"info","message":"Conectado a la base de datos MongoDB","timestamp":"2022-04-20T02:12:56.982Z"}
{"level":"info","message":"API iniciada en el puerto 5000","timestamp":"2022-04-20T02:13:59.721Z"}
{"level":"info","message":"Conectado a la base de datos MongoDB","timestamp":"2022-04-20T02:13:59.737Z"}
{"level":"info","message":"API iniciada en el puerto 5000","timestamp":"2022-04-20T02:14:19.930Z"}
{"level":"info","message":"Conectado a la base de datos MongoDB","timestamp":"2022-04-20T02:14:19.948Z"}
{"level":"info","message":"API iniciada en el puerto 5000","timestamp":"2022-04-20T02:16:58.955Z"}
{"level":"info","message":"Conectado a la base de datos MongoDB","timestamp":"2022-04-20T02:16:58.982Z"}
{"level":"info","message":"API iniciada en el puerto 5000","timestamp":"2022-04-20T02:18:20.852Z"}
{"level":"info","message":"Conectado a la base de datos MongoDB","timestamp":"2022-04-20T02:18:20.897Z"}
{"level":"info","message":"API iniciada en el puerto 5000","timestamp":"2022-04-20T02:21:03.869Z"}
{"level":"info","message":"Conectado a la base de datos MongoDB","timestamp":"2022-04-20T02:21:03.900Z"}
{"level":"info","message":"API iniciada en el puerto 5000","timestamp":"2022-04-20T02:21:20.051Z"}
{"level":"info","message":"Conectado a la base de datos MongoDB","timestamp":"2022-04-20T02:21:20.068Z"}
{"level":"info","message":"API iniciada en el puerto 5000","timestamp":"2022-04-20T03:20:09.413Z"}
{"level":"info","message":"Conectado a la base de datos MongoDB","timestamp":"2022-04-20T03:20:09.429Z"}
{"level":"info","message":"API iniciada en el puerto 5000","timestamp":"2022-04-20T03:20:33.215Z"}
{"level":"info","message":"Conectado a la base de datos MongoDB","timestamp":"2022-04-20T03:20:33.241Z"}
{"level":"info","message":"API iniciada en el puerto 5000","timestamp":"2022-04-20T03:23:53.817Z"}
{"level":"info","message":"Conectado a la base de datos MongoDB","timestamp":"2022-04-20T03:23:53.835Z"}
{"level":"info","message":"API iniciada en el puerto 5000","timestamp":"2022-04-20T03:26:55.169Z"}
{"level":"info","message":"Conectado a la base de datos MongoDB","timestamp":"2022-04-20T03:26:55.185Z"}
{"level":"info","message":"API iniciada en el puerto 5000","timestamp":"2022-04-20T03:29:27.736Z"}
{"level":"info","message":"Conectado a la base de datos MongoDB","timestamp":"2022-04-20T03:29:27.752Z"}
{"level":"info","message":"API iniciada en el puerto 5000","timestamp":"2022-04-20T03:30:11.982Z"}
{"level":"info","message":"Conectado a la base de datos MongoDB","timestamp":"2022-04-20T03:30:11.999Z"}
{"level":"info","message":"API iniciada en el puerto 5000","timestamp":"2022-04-20T03:39:44.628Z"}
{"level":"info","message":"Conectado a la base de datos MongoDB","timestamp":"2022-04-20T03:39:44.645Z"}
{"level":"info","message":"API iniciada en el puerto 5000","timestamp":"2022-04-20T03:40:57.803Z"}
{"level":"info","message":"Conectado a la base de datos MongoDB","timestamp":"2022-04-20T03:40:57.820Z"}
{"level":"info","message":"API iniciada en el puerto 5000","timestamp":"2022-04-20T03:43:00.765Z"}
{"level":"info","message":"Conectado a la base de datos MongoDB","timestamp":"2022-04-20T03:43:00.781Z"}
{"level":"info","message":"API iniciada en el puerto 5000","timestamp":"2022-04-20T03:43:23.161Z"}
{"level":"info","message":"Conectado a la base de datos MongoDB","timestamp":"2022-04-20T03:43:23.178Z"}
{"level":"info","message":"API iniciada en el puerto 5000","timestamp":"2022-04-20T03:44:28.066Z"}
{"level":"info","message":"Conectado a la base de datos MongoDB","timestamp":"2022-04-20T03:44:28.082Z"}
{"level":"info","message":"API iniciada en el puerto 5000","timestamp":"2022-04-20T03:47:44.418Z"}
{"level":"info","message":"Conectado a la base de datos MongoDB","timestamp":"2022-04-20T03:47:44.434Z"}
{"level":"info","message":"API iniciada en el puerto 5000","timestamp":"2022-04-20T03:49:51.508Z"}
{"level":"info","message":"Conectado a la base de datos MongoDB","timestamp":"2022-04-20T03:49:51.525Z"}
{"level":"info","message":"API iniciada en el puerto 5000","timestamp":"2022-04-20T04:11:21.765Z"}
{"level":"info","message":"Conectado a la base de datos MongoDB","timestamp":"2022-04-20T04:11:21.782Z"}
{"level":"info","message":"API iniciada en el puerto 5000","timestamp":"2022-04-20T04:12:07.657Z"}
{"level":"info","message":"Conectado a la base de datos MongoDB","timestamp":"2022-04-20T04:12:07.674Z"}
{"level":"info","message":"API iniciada en el puerto 5000","timestamp":"2022-04-20T04:12:39.725Z"}
{"level":"info","message":"Conectado a la base de datos MongoDB","timestamp":"2022-04-20T04:12:39.741Z"}
{"level":"info","message":"API iniciada en el puerto 5000","timestamp":"2022-04-20T04:13:45.536Z"}
{"level":"info","message":"Conectado a la base de datos MongoDB","timestamp":"2022-04-20T04:13:45.552Z"}
{"kind":"ObjectId","level":"error","path":"_id","reason":{},"stringValue":"\"PanchoMemo123@mail.com\"","timestamp":"2022-04-20T04:13:49.862Z","value":"PanchoMemo123@mail.com","valueType":"string"}
{"level":"info","message":"API iniciada en el puerto 5000","timestamp":"2022-04-22T03:10:36.838Z"}
{"level":"info","message":"Conectado a la base de datos MongoDB","timestamp":"2022-04-22T03:10:36.855Z"}
{"level":"info","message":"API iniciada en el puerto 5000","timestamp":"2022-04-22T03:58:37.668Z"}
{"level":"info","message":"Conectado a la base de datos MongoDB","timestamp":"2022-04-22T03:58:37.684Z"}
{"level":"info","message":"API iniciada en el puerto 5000","timestamp":"2022-04-22T03:59:00.935Z"}
{"level":"info","message":"Conectado a la base de datos MongoDB","timestamp":"2022-04-22T03:59:00.951Z"}
{"level":"info","message":"Usuario creado exitosamente: {\n  username: 'PedroSola@sample.com',\n  fullname: 'Pedro Sola',\n  email: 'PedroSola@sample.com',\n  password: 'PedroSola321',\n  _id: new ObjectId(\"62623118bf1750668d6589aa\"),\n  __v: 0\n}","timestamp":"2022-04-22T04:37:44.557Z"}
{"code":11000,"index":0,"keyPattern":{"username":1},"keyValue":{"username":"PedroSola@sample.com"},"level":"error","timestamp":"2022-04-22T04:38:36.037Z"}
{"level":"info","message":"Usuario creado exitosamente: {\n  username: 'PedroSolaa@sample.com',\n  fullname: 'Pedro Solaa',\n  email: 'PedroSolaa@sample.com',\n  password: 'PedroSola321',\n  _id: new ObjectId(\"6262315fbf1750668d6589ae\"),\n  __v: 0\n}","timestamp":"2022-04-22T04:38:55.385Z"}
{"code":11000,"index":0,"keyPattern":{"username":1},"keyValue":{"username":"PedroSolaa@sample.com"},"level":"error","timestamp":"2022-04-22T04:39:02.925Z"}
{"code":11000,"index":0,"keyPattern":{"username":1},"keyValue":{"username":"PedroSolaa@sample.com"},"level":"error","timestamp":"2022-04-22T04:40:03.868Z"}
{"code":11000,"index":0,"keyPattern":{"username":1},"keyValue":{"username":"PedroSolaa@sample.com"},"level":"error","timestamp":"2022-04-22T04:42:54.303Z"}
{"code":11000,"index":0,"keyPattern":{"username":1},"keyValue":{"username":"PedroSolaa@sample.com"},"level":"error","timestamp":"2022-04-22T04:43:28.906Z"}
{"code":11000,"index":0,"keyPattern":{"username":1},"keyValue":{"username":"PedroSolaa@sample.com"},"level":"error","timestamp":"2022-04-22T04:44:01.864Z"}
{"level":"info","message":"Usuario creado exitosamente: {\n  username: 'PedroSolaaa@sample.com',\n  fullname: 'Pedro Solaaa',\n  email: 'PedroSolaaa@sample.com',\n  password: 'PedroSola321',\n  _id: new ObjectId(\"626232a3bf1750668d6589ba\"),\n  __v: 0\n}","timestamp":"2022-04-22T04:44:19.607Z"}
{"code":11000,"index":0,"keyPattern":{"username":1},"keyValue":{"username":"PedroSolaaa@sample.com"},"level":"error","timestamp":"2022-04-22T04:44:33.032Z"}
{"code":11000,"index":0,"keyPattern":{"username":1},"keyValue":{"username":"PedroSolaaa@sample.com"},"level":"error","timestamp":"2022-04-22T04:45:10.988Z"}
{"code":11000,"index":0,"keyPattern":{"username":1},"keyValue":{"username":"PedroSolaaa@sample.com"},"level":"error","timestamp":"2022-04-22T04:45:51.915Z"}
{"code":11000,"index":0,"keyPattern":{"username":1},"keyValue":{"username":"PedroSolaaa@sample.com"},"level":"error","timestamp":"2022-04-22T04:46:18.668Z"}
{"code":11000,"index":0,"keyPattern":{"username":1},"keyValue":{"username":"PedroSolaaa@sample.com"},"level":"error","timestamp":"2022-04-22T04:51:08.318Z"}
{"_message":"user validation failed","errors":{"fullname":{"kind":"minlength","message":"Fullname es muy corto","name":"ValidatorError","path":"fullname","properties":{"message":"Fullname es muy corto","minlength":10,"path":"fullname","type":"minlength","value":"SolaPedro"},"value":"SolaPedro"}},"level":"error","timestamp":"2022-04-22T04:51:39.328Z"}
{"_message":"user validation failed","errors":{"fullname":{"kind":"minlength","message":"Fullname es muy corto","name":"ValidatorError","path":"fullname","properties":{"message":"Fullname es muy corto","minlength":10,"path":"fullname","type":"minlength","value":"SolaPedro"},"value":"SolaPedro"}},"level":"error","timestamp":"2022-04-22T04:52:26.621Z"}
{"_message":"user validation failed","errors":{"fullname":{"kind":"minlength","message":"Fullname es muy corto","name":"ValidatorError","path":"fullname","properties":{"message":"Fullname es muy corto","minlength":10,"path":"fullname","type":"minlength","value":"SolaPedro"},"value":"SolaPedro"}},"level":"error","timestamp":"2022-04-22T04:54:46.411Z"}
{"_message":"user validation failed","errors":{"fullname":{"kind":"minlength","message":"Fullname es muy corto","name":"ValidatorError","path":"fullname","properties":{"message":"Fullname es muy corto","minlength":10,"path":"fullname","type":"minlength","value":"SolaPedro"},"value":"SolaPedro"}},"level":"error","timestamp":"2022-04-22T04:55:58.119Z"}
{"_message":"user validation failed","errors":{"fullname":{"kind":"minlength","message":"Fullname es muy corto","name":"ValidatorError","path":"fullname","properties":{"message":"Fullname es muy corto","minlength":10,"path":"fullname","type":"minlength","value":"SolaPedro"},"value":"SolaPedro"}},"level":"error","timestamp":"2022-04-22T04:56:27.791Z"}
{"_message":"user validation failed","errors":{"fullname":{"kind":"minlength","message":"Fullname es muy corto","name":"ValidatorError","path":"fullname","properties":{"message":"Fullname es muy corto","minlength":10,"path":"fullname","type":"minlength","value":"SolaPedro"},"value":"SolaPedro"}},"level":"error","timestamp":"2022-04-22T04:56:46.125Z"}
{"_message":"user validation failed","errors":{"fullname":{"kind":"minlength","message":"Fullname es muy corto","name":"ValidatorError","path":"fullname","properties":{"message":"Fullname es muy corto","minlength":10,"path":"fullname","type":"minlength","value":"SolaPedro"},"value":"SolaPedro"}},"level":"error","timestamp":"2022-04-22T04:58:46.954Z"}
{"level":"info","message":"API iniciada en el puerto 5000","timestamp":"2022-04-22T04:59:06.720Z"}
{"level":"info","message":"Conectado a la base de datos MongoDB","timestamp":"2022-04-22T04:59:06.736Z"}
{"level":"info","message":"Usuario creado exitosamente: {\n  username: 'panchopiupiu@kaboom.com',\n  fullname: 'Pancho Pistolas',\n  email: 'panchopiupiu@kaboom.com',\n  password: 'PanchoPancho123123',\n  _id: new ObjectId(\"626236439648e9a80153ae1d\"),\n  __v: 0\n}","timestamp":"2022-04-22T04:59:47.978Z"}
{"level":"info","message":"Usuario creado exitosamente: {\n  username: 'PedritoSolita@kaboom.com',\n  fullname: 'Pedrito Solita',\n  email: 'PedritoSolita@kaboom.com',\n  password: 'PedritoSola123',\n  _id: new ObjectId(\"6262366f9648e9a80153ae1f\"),\n  __v: 0\n}","timestamp":"2022-04-22T05:00:31.819Z"}
{"level":"info","message":"Usuario creado exitosamente: {\n  username: 'PedritoSolita@kaboom.com',\n  fullname: 'Pedrito Solita',\n  email: 'PedritoSolita@kaboom.com',\n  password: 'PedritoSola123',\n  _id: new ObjectId(\"626236b49648e9a80153ae21\"),\n  __v: 0\n}","timestamp":"2022-04-22T05:01:40.666Z"}
{"level":"info","message":"Usuario creado exitosamente: {\n  username: 'PedritoSolita@kaboom.com',\n  fullname: 'Pedrito Solita',\n  email: 'PedritoSolita@kaboom.com',\n  password: 'PedritoSola123',\n  _id: new ObjectId(\"626236cf9648e9a80153ae23\"),\n  __v: 0\n}","timestamp":"2022-04-22T05:02:07.269Z"}
{"code":11000,"index":0,"keyPattern":{"username":1},"keyValue":{"username":"PedritoSolita@kaboom.com"},"level":"error","timestamp":"2022-04-22T05:02:47.268Z"}
{"code":11000,"index":0,"keyPattern":{"username":1},"keyValue":{"username":"PedritoSolita@kaboom.com"},"level":"error","timestamp":"2022-04-22T05:03:43.460Z"}
{"level":"info","message":"Usuario creado exitosamente: {\n  username: 'PedritoSolita@kaboom.com',\n  fullname: 'Pedrito Solita',\n  email: 'PedritoSolita@kaboom.com',\n  password: 'PedritoSola123',\n  _id: new ObjectId(\"626237879648e9a80153ae29\"),\n  __v: 0\n}","timestamp":"2022-04-22T05:05:11.816Z"}
{"code":11000,"index":0,"keyPattern":{"username":1},"keyValue":{"username":"PedritoSolita@kaboom.com"},"level":"error","timestamp":"2022-04-22T05:05:25.544Z"}
{"code":11000,"index":0,"keyPattern":{"username":1},"keyValue":{"username":"PedritoSolita@kaboom.com"},"level":"error","timestamp":"2022-04-22T05:06:21.705Z"}
{"level":"info","message":"Usuario creado exitosamente: {\n  username: 'PedritoSolita@kaboom.com',\n  fullname: 'Pedrito Solita',\n  email: 'PedritoSolita@kaboom.com',\n  password: 'PedritoSola123',\n  _id: new ObjectId(\"626237d99648e9a80153ae2f\"),\n  __v: 0\n}","timestamp":"2022-04-22T05:06:33.980Z"}
{"level":"info","message":"Usuario creado exitosamente: {\n  username: 'PedritoSolita@kaboom.com',\n  fullname: 'Pedrito Solita',\n  email: 'PedritoSolita@kaboom.com',\n  password: 'PedritoSola123',\n  _id: new ObjectId(\"6262381a9648e9a80153ae31\"),\n  __v: 0\n}","timestamp":"2022-04-22T05:07:38.046Z"}
{"level":"info","message":"Usuario creado exitosamente: {\n  username: 'PedritoSolita@kaboom.com',\n  fullname: 'Pedrito Solita',\n  email: 'PedritoSolita@kaboom.com',\n  password: 'PedritoSola123',\n  _id: new ObjectId(\"6262384e9648e9a80153ae33\"),\n  __v: 0\n}","timestamp":"2022-04-22T05:08:30.720Z"}
{"level":"info","message":"Usuario creado exitosamente: {\n  username: 'PedritoSolita@kaboom.com',\n  fullname: 'Pedrito Solita',\n  email: 'PedritoSolita@kaboom.com',\n  password: 'PedritoSola123',\n  _id: new ObjectId(\"626238729648e9a80153ae35\"),\n  __v: 0\n}","timestamp":"2022-04-22T05:09:06.382Z"}
{"level":"info","message":"Usuario creado exitosamente: {\n  username: 'PedritoSolita@kaboom.com',\n  fullname: 'Pedrito Solita',\n  email: 'PedritoSolita@kaboom.com',\n  password: 'PedritoSola123',\n  _id: new ObjectId(\"626238e19648e9a80153ae37\"),\n  __v: 0\n}","timestamp":"2022-04-22T05:10:57.154Z"}
{"level":"info","message":"Usuario creado exitosamente: {\n  username: 'PedritoSolita@kaboom.com',\n  fullname: 'Pedrito Solita',\n  email: 'PedritoSolita@kaboom.com',\n  password: 'PedritoSola123',\n  _id: new ObjectId(\"626239099648e9a80153ae39\"),\n  __v: 0\n}","timestamp":"2022-04-22T05:11:37.399Z"}
{"code":11000,"index":0,"keyPattern":{"username":1},"keyValue":{"username":"PedritoSolita@kaboom.com"},"level":"error","timestamp":"2022-04-22T05:12:03.849Z"}
{"level":"info","message":"Usuario creado exitosamente: {\n  username: 'PedritoSolita@kaboom.com',\n  fullname: 'Pedrito Solita',\n  email: 'PedritoSolita@kaboom.com',\n  password: 'PedritoSola123',\n  _id: new ObjectId(\"626239369648e9a80153ae3d\"),\n  __v: 0\n}","timestamp":"2022-04-22T05:12:22.427Z"}
{"code":11000,"index":0,"keyPattern":{"username":1},"keyValue":{"username":"PedritoSolita@kaboom.com"},"level":"error","timestamp":"2022-04-22T05:13:20.200Z"}
{"level":"info","message":"Usuario creado exitosamente: {\n  username: 'PedritoSolita@kaboom.com',\n  fullname: 'Pedrito Solita',\n  email: 'PedritoSolita@kaboom.com',\n  password: 'PedritoSola123',\n  _id: new ObjectId(\"6262397d9648e9a80153ae41\"),\n  __v: 0\n}","timestamp":"2022-04-22T05:13:33.011Z"}
{"level":"info","message":"Usuario creado exitosamente: {\n  username: 'PedritoSolita@kaboom.com',\n  fullname: 'Pedrito Solita',\n  email: 'PedritoSolita@kaboom.com',\n  password: 'PedritoSola123',\n  _id: new ObjectId(\"626239d79648e9a80153ae43\"),\n  __v: 0\n}","timestamp":"2022-04-22T05:15:03.188Z"}
{"level":"info","message":"Usuario creado exitosamente: {\n  username: 'PedritoSolita@kaboom.com',\n  fullname: 'Pedrito Solita',\n  email: 'PedritoSolita@kaboom.com',\n  password: 'PedritoSola123',\n  _id: new ObjectId(\"62623a3a9648e9a80153ae45\"),\n  __v: 0\n}","timestamp":"2022-04-22T05:16:42.082Z"}
{"code":11000,"index":0,"keyPattern":{"username":1},"keyValue":{"username":"PedritoSolita@kaboom.com"},"level":"error","timestamp":"2022-04-22T05:17:36.721Z"}
{"code":11000,"index":0,"keyPattern":{"username":1},"keyValue":{"username":"PedritoSolita@kaboom.com"},"level":"error","timestamp":"2022-04-22T05:17:53.266Z"}
{"level":"info","message":"Usuario creado exitosamente: {\n  username: 'PedritoSolita@kaboom.com',\n  fullname: 'Pedrito Solita',\n  email: 'PedritoSolita@kaboom.com',\n  password: 'PedritoSola123',\n  _id: new ObjectId(\"62623b5e9648e9a80153ae4b\"),\n  __v: 0\n}","timestamp":"2022-04-22T05:21:34.705Z"}
{"level":"info","message":"Usuario creado exitosamente: {\n  username: 'PedritoSolita@kaboom.com',\n  fullname: 'Pedrito Solita',\n  email: 'PedritoSolita@kaboom.com',\n  password: 'PedritoSola123',\n  _id: new ObjectId(\"62623bf09648e9a80153ae4d\"),\n  __v: 0\n}","timestamp":"2022-04-22T05:24:00.864Z"}
{"code":11000,"index":0,"keyPattern":{"username":1},"keyValue":{"username":"PedritoSolita@kaboom.com"},"level":"error","timestamp":"2022-04-22T05:24:03.263Z"}
{"code":11000,"index":0,"keyPattern":{"username":1},"keyValue":{"username":"PedritoSolita@kaboom.com"},"level":"error","timestamp":"2022-04-22T05:24:05.474Z"}
{"level":"info","message":"Usuario creado exitosamente: {\n  username: 'PedritoSolita@kaboom.com',\n  fullname: 'Pedrito Solita',\n  email: 'PedritoSolita@kaboom.com',\n  password: 'PedritoSola123',\n  _id: new ObjectId(\"62623c2d9648e9a80153ae53\"),\n  __v: 0\n}","timestamp":"2022-04-22T05:25:01.506Z"}
{"code":11000,"index":0,"keyPattern":{"username":1},"keyValue":{"username":"PedritoSolita@kaboom.com"},"level":"error","timestamp":"2022-04-22T05:25:03.292Z"}
{"level":"info","message":"Usuario creado exitosamente: {\n  username: 'PedritoSolita@kaboom.com',\n  fullname: 'Pedrito Solita',\n  email: 'PedritoSolita@kaboom.com',\n  password: 'PedritoSola123',\n  _id: new ObjectId(\"62623c719648e9a80153ae57\"),\n  __v: 0\n}","timestamp":"2022-04-22T05:26:09.239Z"}
{"code":11000,"index":0,"keyPattern":{"username":1},"keyValue":{"username":"PedritoSolita@kaboom.com"},"level":"error","timestamp":"2022-04-22T05:26:18.226Z"}
{"level":"info","message":"API iniciada en el puerto 5000","timestamp":"2022-04-23T11:39:08.379Z"}
{"level":"info","message":"Conectado a la base de datos MongoDB","timestamp":"2022-04-23T11:39:08.398Z"}
{"_message":"user validation failed","errors":{"fullname":{"kind":"minlength","message":"Fullname es muy corto","name":"ValidatorError","path":"fullname","properties":{"message":"Fullname es muy corto","minlength":10,"path":"fullname","type":"minlength","value":"Panfilito"},"value":"Panfilito"}},"level":"error","timestamp":"2022-04-23T11:48:12.408Z"}
{"level":"info","message":"Usuario creado exitosamente: {\n  username: 'Panfilito321321',\n  fullname: 'Panfilito321321',\n  email: 'Panfilito321321@mail.com',\n  password: 'Panfilito321321',\n  _id: new ObjectId(\"6263e7819f71dfa940b1415d\"),\n  __v: 0\n}","timestamp":"2022-04-23T11:48:17.843Z"}
{"level":"info","message":"Usuario creado exitosamente: {\n  username: 'PanchoPancho321',\n  fullname: 'Panchito321321',\n  email: 'PanchoOPanchito321@mail.com',\n  password: 'PanchoOPancho321321',\n  _id: new ObjectId(\"6263e7ca9f71dfa940b1415f\"),\n  __v: 0\n}","timestamp":"2022-04-23T11:49:30.535Z"}
{"level":"info","message":"API iniciada en el puerto 5000","timestamp":"2022-04-26T14:58:15.916Z"}
{"level":"info","message":"Conectado a la base de datos MongoDB","timestamp":"2022-04-26T14:58:16.780Z"}
{"level":"info","message":"API iniciada en el puerto 5000","timestamp":"2022-04-26T17:36:44.988Z"}
{"level":"info","message":"Conectado a la base de datos MongoDB","timestamp":"2022-04-26T17:36:45.004Z"}
{"level":"info","message":"API iniciada en el puerto 5000","timestamp":"2022-04-26T17:37:28.031Z"}
{"level":"info","message":"Conectado a la base de datos MongoDB","timestamp":"2022-04-26T17:37:28.047Z"}
{"level":"info","message":"API iniciada en el puerto 5000","timestamp":"2022-04-26T18:19:15.205Z"}
{"level":"info","message":"Conectado a la base de datos MongoDB","timestamp":"2022-04-26T18:19:15.221Z"}
{"_message":"publication validation failed","errors":{"description":{"kind":"required","message":"La descripción es requisito","name":"ValidatorError","path":"description","properties":{"message":"La descripción es requisito","path":"description","type":"required"}},"title":{"kind":"required","message":"El título es requisito","name":"ValidatorError","path":"title","properties":{"message":"El título es requisito","path":"title","type":"required"}}},"level":"error","timestamp":"2022-04-26T18:19:25.828Z"}
{"level":"info","message":"API iniciada en el puerto 5000","timestamp":"2022-04-26T18:34:21.071Z"}
{"level":"info","message":"Conectado a la base de datos MongoDB","timestamp":"2022-04-26T18:34:21.087Z"}
{"kind":"ObjectId","level":"error","path":"_id","reason":{},"stringValue":"\"jfcvjyhvuytviktuvurtvjuhbhb\"","timestamp":"2022-04-26T20:16:06.344Z","value":"jfcvjyhvuytviktuvurtvjuhbhb","valueType":"string"}
{"level":"info","message":"API iniciada en el puerto 5000","timestamp":"2022-04-26T23:42:13.406Z"}
{"level":"info","message":"Conectado a la base de datos MongoDB","timestamp":"2022-04-26T23:42:13.428Z"}
{"level":"info","message":"API iniciada en el puerto 5000","timestamp":"2022-04-26T23:42:18.469Z"}
{"level":"info","message":"Conectado a la base de datos MongoDB","timestamp":"2022-04-26T23:42:18.486Z"}
{"level":"info","message":"API iniciada en el puerto 5000","timestamp":"2022-04-26T23:42:53.050Z"}
{"level":"info","message":"Conectado a la base de datos MongoDB","timestamp":"2022-04-26T23:42:53.067Z"}
{"level":"info","message":"Publicación creada exitosamente: {\n  title: 'Mi trbajo',\n  description: 'Hola este es mi jale',\n  _workerinfo: new ObjectId(\"621726473460be8a87a14796\"),\n  _photos: [\n    new ObjectId(\"621726473460be8a87a14796\"),\n    new ObjectId(\"621726473460be8a87a14796\")\n  ],\n  _category: [\n    new ObjectId(\"621726473460be8a87a14796\"),\n    new ObjectId(\"621726473460be8a87a14796\")\n  ],\n  counting: 5,\n  _id: new ObjectId(\"626884b9ac160fd56e86904f\"),\n  __v: 0\n}","timestamp":"2022-04-26T23:48:09.986Z"}
{"level":"info","message":"Publicación creada exitosamente: {\n  title: 'Mi trbajo',\n  description: 'Hola este es mi jale',\n  _workerinfo: new ObjectId(\"621726473460be8a87a14796\"),\n  _photos: [\n    new ObjectId(\"621726473460be8a87a14796\"),\n    new ObjectId(\"621726473460be8a87a14796\")\n  ],\n  _category: [\n    new ObjectId(\"621726473460be8a87a14796\"),\n    new ObjectId(\"621726473460be8a87a14796\")\n  ],\n  counting: 5,\n  _id: new ObjectId(\"626899f2ac160fd56e869051\"),\n  __v: 0\n}","timestamp":"2022-04-27T01:18:42.807Z"}
{"level":"info","message":"API iniciada en el puerto 5000","timestamp":"2022-04-30T23:20:05.754Z"}
{"level":"info","message":"Conectado a la base de datos MongoDB","timestamp":"2022-04-30T23:20:05.781Z"}
{"level":"info","message":"API iniciada en el puerto 5000","timestamp":"2022-04-30T23:20:27.566Z"}
{"level":"info","message":"Conectado a la base de datos MongoDB","timestamp":"2022-04-30T23:20:27.596Z"}
{"level":"info","message":"API iniciada en el puerto 5000","timestamp":"2022-04-30T23:20:46.551Z"}
{"level":"info","message":"Conectado a la base de datos MongoDB","timestamp":"2022-04-30T23:20:46.581Z"}
{"level":"info","message":"API iniciada en el puerto 5000","timestamp":"2022-04-30T23:21:23.534Z"}
{"level":"info","message":"Conectado a la base de datos MongoDB","timestamp":"2022-04-30T23:21:23.563Z"}
{"level":"info","message":"API iniciada en el puerto 5000","timestamp":"2022-04-30T23:21:38.720Z"}
{"level":"info","message":"Conectado a la base de datos MongoDB","timestamp":"2022-04-30T23:21:38.750Z"}
{"level":"info","message":"API iniciada en el puerto 5000","timestamp":"2022-04-30T23:21:56.436Z"}
{"level":"info","message":"Conectado a la base de datos MongoDB","timestamp":"2022-04-30T23:21:56.465Z"}
{"level":"info","message":"API iniciada en el puerto 5000","timestamp":"2022-04-30T23:23:01.557Z"}
{"level":"info","message":"Conectado a la base de datos MongoDB","timestamp":"2022-04-30T23:23:01.583Z"}
{"level":"info","message":"API iniciada en el puerto 5000","timestamp":"2022-04-30T23:24:02.599Z"}
{"level":"info","message":"Conectado a la base de datos MongoDB","timestamp":"2022-04-30T23:24:02.627Z"}
{"level":"info","message":"Usuario creado exitosamente: {\n  username: 'Trabajador132123',\n  profilepicture: 'https://firebasestorage.googleapis.com/v0/b/ourker-app.appspot.com/o/imagesUser%2F587d883b02db152a99d6ce37b5231d18.png?alt=media&token=be8913af-b1bd-4485-8332-fef64e7ae8f5',\n  fullname: 'Trabajador23123',\n  email: 'trabajador@gmail.com',\n  password: 'Trabajador12345678',\n  _address: new ObjectId(\"626db11d72511ce674621b77\"),\n  _id: new ObjectId(\"626dd8f8bc2faff587da17db\"),\n  __v: 0\n}","timestamp":"2022-05-01T00:48:56.406Z"}
{"code":11000,"index":0,"keyPattern":{"username":1},"keyValue":{"username":"Trabajador132123"},"level":"error","timestamp":"2022-05-01T00:49:08.939Z"}
{"code":11000,"index":0,"keyPattern":{"username":1},"keyValue":{"username":"Trabajador132123"},"level":"error","timestamp":"2022-05-01T00:50:52.562Z"}
{"code":11000,"index":0,"keyPattern":{"username":1},"keyValue":{"username":"Trabajador132123"},"level":"error","timestamp":"2022-05-01T00:51:32.027Z"}
{"code":11000,"index":0,"keyPattern":{"username":1},"keyValue":{"username":"Trabajador132123"},"level":"error","timestamp":"2022-05-01T00:52:00.211Z"}
{"code":11000,"index":0,"keyPattern":{"username":1},"keyValue":{"username":"Trabajador132123"},"level":"error","timestamp":"2022-05-01T00:52:08.799Z"}
{"level":"info","message":"Usuario creado exitosamente: {\n  username: 'Trabajador132123',\n  profilepicture: 'https://firebasestorage.googleapis.com/v0/b/ourker-app.appspot.com/o/imagesUser%2F587d883b02db152a99d6ce37b5231d18.png?alt=media&token=e34d4b7e-06d4-4c1d-a26c-620daa0b1351',\n  fullname: 'Trabajador23123asd',\n  email: 'trabajador@gmail.com',\n  password: 'Trabajador12345678',\n  _address: new ObjectId(\"626db11d72511ce674621b77\"),\n  _id: new ObjectId(\"626dd9f5bc2faff587da17ed\"),\n  __v: 0\n}","timestamp":"2022-05-01T00:53:09.875Z"}
{"level":"info","message":"Usuario creado exitosamente: {\n  username: 'Trabajador132123',\n  profilepicture: 'https://firebasestorage.googleapis.com/v0/b/ourker-app.appspot.com/o/imagesUser%2F587d883b02db152a99d6ce37b5231d18.png?alt=media&token=48c67bfb-ef4a-45b2-8dc7-239373615b45',\n  fullname: 'Trabajador23123',\n  email: 'trabajador@gmail.com',\n  password: 'tRABAJADOR123123123',\n  _address: new ObjectId(\"626db11d72511ce674621b77\"),\n  _id: new ObjectId(\"626dda5dbc2faff587da17f0\"),\n  __v: 0\n}","timestamp":"2022-05-01T00:54:53.705Z"}
{"code":11000,"index":0,"keyPattern":{"username":1},"keyValue":{"username":"Trabajador132123"},"level":"error","timestamp":"2022-05-01T00:55:18.117Z"}
{"code":11000,"index":0,"keyPattern":{"username":1},"keyValue":{"username":"Trabajador132123"},"level":"error","timestamp":"2022-05-01T00:56:34.231Z"}
{"level":"info","message":"Usuario creado exitosamente: {\n  username: 'Trabajador132123',\n  profilepicture: 'https://firebasestorage.googleapis.com/v0/b/ourker-app.appspot.com/o/imagesUser%2F587d883b02db152a99d6ce37b5231d18.png?alt=media&token=43d56a60-928e-4d72-8252-3cdf39bc8b3a',\n  fullname: 'Trabajador23123',\n  email: 'trabajador@gmail.com',\n  password: 'tRABAJADOR123123123',\n  _address: new ObjectId(\"626db11d72511ce674621b77\"),\n  _id: new ObjectId(\"626ddb48bc2faff587da17f9\"),\n  __v: 0\n}","timestamp":"2022-05-01T00:58:48.524Z"}
{"level":"info","message":"Usuario creado exitosamente: {\n  username: 'Trabajador132123',\n  profilepicture: 'https://firebasestorage.googleapis.com/v0/b/ourker-app.appspot.com/o/imagesUser%2F587d883b02db152a99d6ce37b5231d18.png?alt=media&token=25b5cd20-f892-4f56-a33f-62385f27fed1',\n  fullname: 'Trabajador23123',\n  email: 'trabajador@gmail.com',\n  password: 'tRABAJADOR123123123',\n  _address: new ObjectId(\"626db11d72511ce674621b77\"),\n  _id: new ObjectId(\"626ddbe0bc2faff587da17fc\"),\n  __v: 0\n}","timestamp":"2022-05-01T01:01:20.687Z"}
{"level":"info","message":"Usuario creado exitosamente: {\n  username: 'Trabajador132123',\n  profilepicture: 'https://firebasestorage.googleapis.com/v0/b/ourker-app.appspot.com/o/imagesUser%2F587d883b02db152a99d6ce37b5231d18.png?alt=media&token=2ebcaa1f-82b0-4f1b-9c18-dfd732401a47',\n  fullname: 'Trabajador23123',\n  email: 'trabajador@gmail.com',\n  password: 'tRABAJADOR123123123',\n  _address: new ObjectId(\"626db11d72511ce674621b77\"),\n  _id: new ObjectId(\"626ddc27bc2faff587da17ff\"),\n  __v: 0\n}","timestamp":"2022-05-01T01:02:31.738Z"}
{"level":"info","message":"Usuario creado exitosamente: {\n  username: 'Trabajador132123',\n  profilepicture: 'https://firebasestorage.googleapis.com/v0/b/ourker-app.appspot.com/o/imagesUser%2F587d883b02db152a99d6ce37b5231d18.png?alt=media&token=9a6c4ddb-5563-44f8-894a-a7b2f4316875',\n  fullname: 'Trabajador23123',\n  email: 'trabajador@gmail.com',\n  password: 'tRABAJADOR123123123',\n  _address: new ObjectId(\"626db11d72511ce674621b77\"),\n  _id: new ObjectId(\"626ddc6bbc2faff587da1802\"),\n  __v: 0\n}","timestamp":"2022-05-01T01:03:39.493Z"}
{"_message":"worker validation failed","errors":{"_ocupations":{"kind":"ObjectId","message":"Cast to ObjectId failed for value \"Bombero\" (type string) at path \"_ocupations\"","name":"CastError","path":"_ocupations","reason":{},"stringValue":"\"Bombero\"","value":"Bombero","valueType":"string"},"_userinfo":{"kind":"ObjectId","message":"Cast to ObjectId failed for value \"{ message: 'Error, no se encontro el worker' }\" (type Object) at path \"_userinfo\"","name":"CastError","path":"_userinfo","reason":{},"stringValue":"\"{ message: 'Error, no se encontro el worker' }\"","value":{"message":"Error, no se encontro el worker"},"valueType":"Object"}},"level":"error","timestamp":"2022-05-01T01:03:41.045Z"}
{"_message":"user validation failed","errors":{"_address":{"kind":"ObjectId","message":"Cast to ObjectId failed for value \"{\n  message: 'Request failed with status code 404',\n  name: 'Error',\n  stack: 'Error: Request failed with status code 404\\n' +\n    '    at createError (http://localhost:3000/static/js/bundle.js:124021:15)\\n' +\n    '    at settle (http://localhost:3000/static/js/bundle.js:124288:12)\\n' +\n    '    at XMLHttpRequest.onloadend (http://localhost:3000/static/js/bundle.js:123356:7)',\n  config: {\n    transitional: {\n      silentJSONParsing: true,\n      forcedJSONParsing: true,\n      clarifyTimeoutError: false\n    },\n    transformRequest: [ null ],\n    transformResponse: [ null ],\n    timeout: 0,\n    xsrfCookieName: 'XSRF-TOKEN',\n    xsrfHeaderName: 'X-XSRF-TOKEN',\n    maxContentLength: -1,\n    maxBodyLength: -1,\n    headers: { Accept: 'application/json, text/plain, */*' },\n    baseURL: 'http://localhost:5000/api',\n    method: 'get',\n    url: '/locality//'\n  },\n  status: 404\n}\" (type Object) at path \"_address\"","name":"CastError","path":"_address","reason":{},"stringValue":"\"{\n  message: 'Request failed with status code 404',\n  name: 'Error',\n  stack: 'Error: Request failed with status code 404\\n' +\n    '    at createError (http://localhost:3000/static/js/bundle.js:124021:15)\\n' +\n    '    at settle (http://localhost:3000/static/js/bundle.js:124288:12)\\n' +\n    '    at XMLHttpRequest.onloadend (http://localhost:3000/static/js/bundle.js:123356:7)',\n  config: {\n    transitional: {\n      silentJSONParsing: true,\n      forcedJSONParsing: true,\n      clarifyTimeoutError: false\n    },\n    transformRequest: [ null ],\n    transformResponse: [ null ],\n    timeout: 0,\n    xsrfCookieName: 'XSRF-TOKEN',\n    xsrfHeaderName: 'X-XSRF-TOKEN',\n    maxContentLength: -1,\n    maxBodyLength: -1,\n    headers: { Accept: 'application/json, text/plain, */*' },\n    baseURL: 'http://localhost:5000/api',\n    method: 'get',\n    url: '/locality//'\n  },\n  status: 404\n}\"","value":{"config":{"baseURL":"http://localhost:5000/api","headers":{"Accept":"application/json, text/plain, */*"},"maxBodyLength":-1,"maxContentLength":-1,"method":"get","timeout":0,"transformRequest":[null],"transformResponse":[null],"transitional":{"clarifyTimeoutError":false,"forcedJSONParsing":true,"silentJSONParsing":true},"url":"/locality//","xsrfCookieName":"XSRF-TOKEN","xsrfHeaderName":"X-XSRF-TOKEN"},"message":"Request failed with status code 404","name":"Error","stack":"Error: Request failed with status code 404\n    at createError (http://localhost:3000/static/js/bundle.js:124021:15)\n    at settle (http://localhost:3000/static/js/bundle.js:124288:12)\n    at XMLHttpRequest.onloadend (http://localhost:3000/static/js/bundle.js:123356:7)","status":404},"valueType":"Object"},"fullname":{"kind":"required","message":"Fullname es requisito","name":"ValidatorError","path":"fullname","properties":{"message":"Fullname es requisito","path":"fullname","type":"required","value":""},"value":""},"password":{"kind":"required","message":"Contraseña es requisito","name":"ValidatorError","path":"password","properties":{"message":"Contraseña es requisito","path":"password","type":"required","value":""},"value":""}},"level":"error","timestamp":"2022-05-01T01:05:44.779Z"}
{"_message":"user validation failed","errors":{"_address":{"kind":"ObjectId","message":"Cast to ObjectId failed for value \"{\n  message: 'Request failed with status code 404',\n  name: 'Error',\n  stack: 'Error: Request failed with status code 404\\n' +\n    '    at createError (http://localhost:3000/static/js/bundle.js:124021:15)\\n' +\n    '    at settle (http://localhost:3000/static/js/bundle.js:124288:12)\\n' +\n    '    at XMLHttpRequest.onloadend (http://localhost:3000/static/js/bundle.js:123356:7)',\n  config: {\n    transitional: {\n      silentJSONParsing: true,\n      forcedJSONParsing: true,\n      clarifyTimeoutError: false\n    },\n    transformRequest: [ null ],\n    transformResponse: [ null ],\n    timeout: 0,\n    xsrfCookieName: 'XSRF-TOKEN',\n    xsrfHeaderName: 'X-XSRF-TOKEN',\n    maxContentLength: -1,\n    maxBodyLength: -1,\n    headers: { Accept: 'application/json, text/plain, */*' },\n    baseURL: 'http://localhost:5000/api',\n    method: 'get',\n    url: '/locality//'\n  },\n  status: 404\n}\" (type Object) at path \"_address\"","name":"CastError","path":"_address","reason":{},"stringValue":"\"{\n  message: 'Request failed with status code 404',\n  name: 'Error',\n  stack: 'Error: Request failed with status code 404\\n' +\n    '    at createError (http://localhost:3000/static/js/bundle.js:124021:15)\\n' +\n    '    at settle (http://localhost:3000/static/js/bundle.js:124288:12)\\n' +\n    '    at XMLHttpRequest.onloadend (http://localhost:3000/static/js/bundle.js:123356:7)',\n  config: {\n    transitional: {\n      silentJSONParsing: true,\n      forcedJSONParsing: true,\n      clarifyTimeoutError: false\n    },\n    transformRequest: [ null ],\n    transformResponse: [ null ],\n    timeout: 0,\n    xsrfCookieName: 'XSRF-TOKEN',\n    xsrfHeaderName: 'X-XSRF-TOKEN',\n    maxContentLength: -1,\n    maxBodyLength: -1,\n    headers: { Accept: 'application/json, text/plain, */*' },\n    baseURL: 'http://localhost:5000/api',\n    method: 'get',\n    url: '/locality//'\n  },\n  status: 404\n}\"","value":{"config":{"baseURL":"http://localhost:5000/api","headers":{"Accept":"application/json, text/plain, */*"},"maxBodyLength":-1,"maxContentLength":-1,"method":"get","timeout":0,"transformRequest":[null],"transformResponse":[null],"transitional":{"clarifyTimeoutError":false,"forcedJSONParsing":true,"silentJSONParsing":true},"url":"/locality//","xsrfCookieName":"XSRF-TOKEN","xsrfHeaderName":"X-XSRF-TOKEN"},"message":"Request failed with status code 404","name":"Error","stack":"Error: Request failed with status code 404\n    at createError (http://localhost:3000/static/js/bundle.js:124021:15)\n    at settle (http://localhost:3000/static/js/bundle.js:124288:12)\n    at XMLHttpRequest.onloadend (http://localhost:3000/static/js/bundle.js:123356:7)","status":404},"valueType":"Object"},"fullname":{"kind":"required","message":"Fullname es requisito","name":"ValidatorError","path":"fullname","properties":{"message":"Fullname es requisito","path":"fullname","type":"required","value":""},"value":""},"password":{"kind":"required","message":"Contraseña es requisito","name":"ValidatorError","path":"password","properties":{"message":"Contraseña es requisito","path":"password","type":"required","value":""},"value":""}},"level":"error","timestamp":"2022-05-01T01:06:03.960Z"}
{"_message":"user validation failed","errors":{"_address":{"kind":"ObjectId","message":"Cast to ObjectId failed for value \"{\n  message: 'Request failed with status code 404',\n  name: 'Error',\n  stack: 'Error: Request failed with status code 404\\n' +\n    '    at createError (http://localhost:3000/static/js/bundle.js:124021:15)\\n' +\n    '    at settle (http://localhost:3000/static/js/bundle.js:124288:12)\\n' +\n    '    at XMLHttpRequest.onloadend (http://localhost:3000/static/js/bundle.js:123356:7)',\n  config: {\n    transitional: {\n      silentJSONParsing: true,\n      forcedJSONParsing: true,\n      clarifyTimeoutError: false\n    },\n    transformRequest: [ null ],\n    transformResponse: [ null ],\n    timeout: 0,\n    xsrfCookieName: 'XSRF-TOKEN',\n    xsrfHeaderName: 'X-XSRF-TOKEN',\n    maxContentLength: -1,\n    maxBodyLength: -1,\n    headers: { Accept: 'application/json, text/plain, */*' },\n    baseURL: 'http://localhost:5000/api',\n    method: 'get',\n    url: '/locality//'\n  },\n  status: 404\n}\" (type Object) at path \"_address\"","name":"CastError","path":"_address","reason":{},"stringValue":"\"{\n  message: 'Request failed with status code 404',\n  name: 'Error',\n  stack: 'Error: Request failed with status code 404\\n' +\n    '    at createError (http://localhost:3000/static/js/bundle.js:124021:15)\\n' +\n    '    at settle (http://localhost:3000/static/js/bundle.js:124288:12)\\n' +\n    '    at XMLHttpRequest.onloadend (http://localhost:3000/static/js/bundle.js:123356:7)',\n  config: {\n    transitional: {\n      silentJSONParsing: true,\n      forcedJSONParsing: true,\n      clarifyTimeoutError: false\n    },\n    transformRequest: [ null ],\n    transformResponse: [ null ],\n    timeout: 0,\n    xsrfCookieName: 'XSRF-TOKEN',\n    xsrfHeaderName: 'X-XSRF-TOKEN',\n    maxContentLength: -1,\n    maxBodyLength: -1,\n    headers: { Accept: 'application/json, text/plain, */*' },\n    baseURL: 'http://localhost:5000/api',\n    method: 'get',\n    url: '/locality//'\n  },\n  status: 404\n}\"","value":{"config":{"baseURL":"http://localhost:5000/api","headers":{"Accept":"application/json, text/plain, */*"},"maxBodyLength":-1,"maxContentLength":-1,"method":"get","timeout":0,"transformRequest":[null],"transformResponse":[null],"transitional":{"clarifyTimeoutError":false,"forcedJSONParsing":true,"silentJSONParsing":true},"url":"/locality//","xsrfCookieName":"XSRF-TOKEN","xsrfHeaderName":"X-XSRF-TOKEN"},"message":"Request failed with status code 404","name":"Error","stack":"Error: Request failed with status code 404\n    at createError (http://localhost:3000/static/js/bundle.js:124021:15)\n    at settle (http://localhost:3000/static/js/bundle.js:124288:12)\n    at XMLHttpRequest.onloadend (http://localhost:3000/static/js/bundle.js:123356:7)","status":404},"valueType":"Object"},"fullname":{"kind":"required","message":"Fullname es requisito","name":"ValidatorError","path":"fullname","properties":{"message":"Fullname es requisito","path":"fullname","type":"required","value":""},"value":""},"password":{"kind":"required","message":"Contraseña es requisito","name":"ValidatorError","path":"password","properties":{"message":"Contraseña es requisito","path":"password","type":"required","value":""},"value":""}},"level":"error","timestamp":"2022-05-01T01:06:23.403Z"}
{"level":"info","message":"Usuario creado exitosamente: {\n  username: 'trabajador@gmail.com',\n  profilepicture: 'https://firebasestorage.googleapis.com/v0/b/ourker-app.appspot.com/o/imagesUser%2FKid%2Bgoku%2Bhe%2Bgrew%2Bup%2Bin%2Bthe%2Bwilderness%2B_19555d184082ff8911a86fce0e30a256.jpg?alt=media&token=4800c923-5b69-46c8-94f0-73cf34ec1740',\n  fullname: 'Trabajador23123',\n  email: 'trabajador@gmail.com',\n  password: 'dasdasdasdasdasdasd',\n  _address: new ObjectId(\"626db11d72511ce674621b77\"),\n  _id: new ObjectId(\"626ddd34bc2faff587da180b\"),\n  __v: 0\n}","timestamp":"2022-05-01T01:07:00.530Z"}
{"_message":"worker validation failed","errors":{"_ocupations":{"kind":"ObjectId","message":"Cast to ObjectId failed for value \"Programador\" (type string) at path \"_ocupations\"","name":"CastError","path":"_ocupations","reason":{},"stringValue":"\"Programador\"","value":"Programador","valueType":"string"},"_userinfo":{"kind":"ObjectId","message":"Cast to ObjectId failed for value \"{ message: 'Error, no se encontro el worker' }\" (type Object) at path \"_userinfo\"","name":"CastError","path":"_userinfo","reason":{},"stringValue":"\"{ message: 'Error, no se encontro el worker' }\"","value":{"message":"Error, no se encontro el worker"},"valueType":"Object"}},"level":"error","timestamp":"2022-05-01T01:12:39.405Z"}
{"level":"info","message":"Usuario creado exitosamente: {\n  username: 'trabajador@gmail.com',\n  profilepicture: 'https://firebasestorage.googleapis.com/v0/b/ourker-app.appspot.com/o/imagesUser%2F587d883b02db152a99d6ce37b5231d18.png?alt=media&token=e8ab0e3c-368d-430e-86d1-59009615a707',\n  fullname: 'Trabajador23123',\n  email: 'trabajador@gmail.com',\n  password: 'Trabajadasdasdas',\n  _address: new ObjectId(\"626db16b72511ce674621b7b\"),\n  _id: new ObjectId(\"626dded8bc2faff587da1811\"),\n  __v: 0\n}","timestamp":"2022-05-01T01:14:00.879Z"}
{"_message":"worker validation failed","errors":{"_ocupations":{"kind":"ObjectId","message":"Cast to ObjectId failed for value \"Programador\" (type string) at path \"_ocupations\"","name":"CastError","path":"_ocupations","reason":{},"stringValue":"\"Programador\"","value":"Programador","valueType":"string"},"_userinfo":{"kind":"ObjectId","message":"Cast to ObjectId failed for value \"{ message: 'Error, no se encontro el worker' }\" (type Object) at path \"_userinfo\"","name":"CastError","path":"_userinfo","reason":{},"stringValue":"\"{ message: 'Error, no se encontro el worker' }\"","value":{"message":"Error, no se encontro el worker"},"valueType":"Object"}},"level":"error","timestamp":"2022-05-01T01:14:02.296Z"}
{"level":"info","message":"Usuario creado exitosamente: {\n  username: 'trabajador@gmail.com',\n  profilepicture: 'https://firebasestorage.googleapis.com/v0/b/ourker-app.appspot.com/o/imagesUser%2F587d883b02db152a99d6ce37b5231d18.png?alt=media&token=d0d803d9-7e63-47f5-bfe5-71dcd1c39451',\n  fullname: 'Trabajador23123',\n  email: 'trabajador@gmail.com',\n  password: 'Trabajadasdasdas',\n  _address: new ObjectId(\"626db16b72511ce674621b7b\"),\n  _id: new ObjectId(\"626ddf1cbc2faff587da1817\"),\n  __v: 0\n}","timestamp":"2022-05-01T01:15:08.750Z"}
{"_message":"worker validation failed","errors":{"_ocupations":{"kind":"ObjectId","message":"Cast to ObjectId failed for value \"Programador\" (type string) at path \"_ocupations\"","name":"CastError","path":"_ocupations","reason":{},"stringValue":"\"Programador\"","value":"Programador","valueType":"string"},"_userinfo":{"kind":"ObjectId","message":"Cast to ObjectId failed for value \"{ message: 'Error, no se encontro el worker' }\" (type Object) at path \"_userinfo\"","name":"CastError","path":"_userinfo","reason":{},"stringValue":"\"{ message: 'Error, no se encontro el worker' }\"","value":{"message":"Error, no se encontro el worker"},"valueType":"Object"}},"level":"error","timestamp":"2022-05-01T01:15:09.767Z"}
{"level":"info","message":"Usuario creado exitosamente: {\n  username: 'trabajador@gmail.com',\n  profilepicture: 'https://firebasestorage.googleapis.com/v0/b/ourker-app.appspot.com/o/imagesUser%2F587d883b02db152a99d6ce37b5231d18.png?alt=media&token=2b51aac7-f9ee-43ee-b6ab-8427ae88681f',\n  fullname: 'Trabajador23123',\n  email: 'trabajador@gmail.com',\n  password: 'Trabajadasdasdas',\n  _address: new ObjectId(\"626db16b72511ce674621b7b\"),\n  _id: new ObjectId(\"626ddf57bc2faff587da181d\"),\n  __v: 0\n}","timestamp":"2022-05-01T01:16:07.455Z"}
{"_message":"worker validation failed","errors":{"_ocupations":{"kind":"ObjectId","message":"Cast to ObjectId failed for value \"Programador\" (type string) at path \"_ocupations\"","name":"CastError","path":"_ocupations","reason":{},"stringValue":"\"Programador\"","value":"Programador","valueType":"string"},"_userinfo":{"kind":"ObjectId","message":"Cast to ObjectId failed for value \"{ message: 'Error, no se encontro el worker' }\" (type Object) at path \"_userinfo\"","name":"CastError","path":"_userinfo","reason":{},"stringValue":"\"{ message: 'Error, no se encontro el worker' }\"","value":{"message":"Error, no se encontro el worker"},"valueType":"Object"}},"level":"error","timestamp":"2022-05-01T01:16:08.468Z"}
{"code":11000,"index":0,"keyPattern":{"username":1},"keyValue":{"username":"trabajador@gmail.com"},"level":"error","timestamp":"2022-05-01T01:16:26.566Z"}
{"code":11000,"index":0,"keyPattern":{"username":1},"keyValue":{"username":"trabajador@gmail.com"},"level":"error","timestamp":"2022-05-01T01:16:31.562Z"}
{"level":"info","message":"Usuario creado exitosamente: {\n  username: 'trabajador@gmail.com',\n  profilepicture: 'https://firebasestorage.googleapis.com/v0/b/ourker-app.appspot.com/o/imagesUser%2F587d883b02db152a99d6ce37b5231d18.png?alt=media&token=e0748573-e191-40bb-9dd2-7a4dc348edad',\n  fullname: 'Trabajador23123',\n  email: 'trabajador@gmail.com',\n  password: 'Trabajadasdasdas',\n  _address: new ObjectId(\"626db16b72511ce674621b7b\"),\n  _id: new ObjectId(\"626ddf7abc2faff587da1829\"),\n  __v: 0\n}","timestamp":"2022-05-01T01:16:42.466Z"}
{"_message":"worker validation failed","errors":{"_ocupations":{"kind":"ObjectId","message":"Cast to ObjectId failed for value \"Programador\" (type string) at path \"_ocupations\"","name":"CastError","path":"_ocupations","reason":{},"stringValue":"\"Programador\"","value":"Programador","valueType":"string"},"_userinfo":{"kind":"ObjectId","message":"Cast to ObjectId failed for value \"{ message: 'Error, no se encontro el worker' }\" (type Object) at path \"_userinfo\"","name":"CastError","path":"_userinfo","reason":{},"stringValue":"\"{ message: 'Error, no se encontro el worker' }\"","value":{"message":"Error, no se encontro el worker"},"valueType":"Object"}},"level":"error","timestamp":"2022-05-01T01:16:43.414Z"}
{"level":"info","message":"Usuario creado exitosamente: {\n  username: 'trabajador@gmail.com',\n  profilepicture: 'https://firebasestorage.googleapis.com/v0/b/ourker-app.appspot.com/o/imagesUser%2F587d883b02db152a99d6ce37b5231d18.png?alt=media&token=74389b49-253f-4454-86b2-0e169e48275c',\n  fullname: 'Trabajador23123',\n  email: 'trabajador@gmail.com',\n  password: 'Trabajadasdasdas',\n  _address: new ObjectId(\"626db16b72511ce674621b7b\"),\n  _id: new ObjectId(\"626ddfc7bc2faff587da182f\"),\n  __v: 0\n}","timestamp":"2022-05-01T01:17:59.759Z"}
{"_message":"worker validation failed","errors":{"_ocupations":{"kind":"ObjectId","message":"Cast to ObjectId failed for value \"Programador\" (type string) at path \"_ocupations\"","name":"CastError","path":"_ocupations","reason":{},"stringValue":"\"Programador\"","value":"Programador","valueType":"string"},"_userinfo":{"kind":"ObjectId","message":"Cast to ObjectId failed for value \"{ message: 'Error, no se encontro el worker' }\" (type Object) at path \"_userinfo\"","name":"CastError","path":"_userinfo","reason":{},"stringValue":"\"{ message: 'Error, no se encontro el worker' }\"","value":{"message":"Error, no se encontro el worker"},"valueType":"Object"}},"level":"error","timestamp":"2022-05-01T01:19:15.961Z"}
{"level":"info","message":"Usuario creado exitosamente: {\n  username: 'trabajador@gmail.com',\n  profilepicture: 'https://firebasestorage.googleapis.com/v0/b/ourker-app.appspot.com/o/imagesUser%2F587d883b02db152a99d6ce37b5231d18.png?alt=media&token=dedb87cf-a958-49c4-bb7d-b817510447e1',\n  fullname: 'Trabajador23123',\n  email: 'trabajador@gmail.com',\n  password: 'Trabajadasdasdas',\n  _address: new ObjectId(\"626db16b72511ce674621b7b\"),\n  _id: new ObjectId(\"626de0c9bc2faff587da1835\"),\n  __v: 0\n}","timestamp":"2022-05-01T01:22:17.645Z"}
{"_message":"worker validation failed","errors":{"_ocupations":{"kind":"ObjectId","message":"Cast to ObjectId failed for value \"Programador\" (type string) at path \"_ocupations\"","name":"CastError","path":"_ocupations","reason":{},"stringValue":"\"Programador\"","value":"Programador","valueType":"string"},"_userinfo":{"kind":"ObjectId","message":"Cast to ObjectId failed for value \"{ message: 'Error, no se encontro el worker' }\" (type Object) at path \"_userinfo\"","name":"CastError","path":"_userinfo","reason":{},"stringValue":"\"{ message: 'Error, no se encontro el worker' }\"","value":{"message":"Error, no se encontro el worker"},"valueType":"Object"}},"level":"error","timestamp":"2022-05-01T01:22:18.861Z"}
{"level":"info","message":"Usuario creado exitosamente: {\n  username: 'trabajador@gmail.com',\n  profilepicture: 'https://firebasestorage.googleapis.com/v0/b/ourker-app.appspot.com/o/imagesUser%2F587d883b02db152a99d6ce37b5231d18.png?alt=media&token=12eaeb44-568d-4ee0-b48c-6c8bb0353fdc',\n  fullname: 'Trabajador23123',\n  email: 'trabajador@gmail.com',\n  password: 'Trabajadasdasdas',\n  _address: new ObjectId(\"626db16b72511ce674621b7b\"),\n  _id: new ObjectId(\"626de216bc2faff587da183b\"),\n  __v: 0\n}","timestamp":"2022-05-01T01:27:50.540Z"}
{"_message":"worker validation failed","errors":{"_ocupations":{"kind":"ObjectId","message":"Cast to ObjectId failed for value \"Programador\" (type string) at path \"_ocupations\"","name":"CastError","path":"_ocupations","reason":{},"stringValue":"\"Programador\"","value":"Programador","valueType":"string"},"_userinfo":{"kind":"ObjectId","message":"Cast to ObjectId failed for value \"{ message: 'Error, no se encontro el worker' }\" (type Object) at path \"_userinfo\"","name":"CastError","path":"_userinfo","reason":{},"stringValue":"\"{ message: 'Error, no se encontro el worker' }\"","value":{"message":"Error, no se encontro el worker"},"valueType":"Object"}},"level":"error","timestamp":"2022-05-01T01:27:54.924Z"}
{"code":11000,"index":0,"keyPattern":{"username":1},"keyValue":{"username":"trabajador@gmail.com"},"level":"error","timestamp":"2022-05-01T01:29:07.914Z"}
{"_message":"worker validation failed","errors":{"_ocupations":{"kind":"ObjectId","message":"Cast to ObjectId failed for value \"Programador\" (type string) at path \"_ocupations\"","name":"CastError","path":"_ocupations","reason":{},"stringValue":"\"Programador\"","value":"Programador","valueType":"string"},"_userinfo":{"kind":"ObjectId","message":"Cast to ObjectId failed for value \"{ message: 'Error, no se encontro el worker' }\" (type Object) at path \"_userinfo\"","name":"CastError","path":"_userinfo","reason":{},"stringValue":"\"{ message: 'Error, no se encontro el worker' }\"","value":{"message":"Error, no se encontro el worker"},"valueType":"Object"}},"level":"error","timestamp":"2022-05-01T01:29:10.080Z"}
{"code":11000,"index":0,"keyPattern":{"username":1},"keyValue":{"username":"trabajador@gmail.com"},"level":"error","timestamp":"2022-05-01T01:30:40.126Z"}
{"_message":"worker validation failed","errors":{"_ocupations":{"kind":"ObjectId","message":"Cast to ObjectId failed for value \"Programador\" (type string) at path \"_ocupations\"","name":"CastError","path":"_ocupations","reason":{},"stringValue":"\"Programador\"","value":"Programador","valueType":"string"}},"level":"error","timestamp":"2022-05-01T01:30:45.005Z"}
{"level":"info","message":"Trabajador creado exitosamente: {\n  _userinfo: new ObjectId(\"6212d87db10d0ad7c5a684f7\"),\n  _ocupations: new ObjectId(\"6212ea75b41a0322db72edba\"),\n  description: 'asdasdasdasdasdasdasdsdas',\n  rating: null,\n  _id: new ObjectId(\"626de38cbc2faff587da1850\"),\n  __v: 0\n}","timestamp":"2022-05-01T01:34:04.460Z"}
{"code":11000,"index":0,"keyPattern":{"username":1},"keyValue":{"username":"trabajador@gmail.com"},"level":"error","timestamp":"2022-05-01T01:35:48.250Z"}
{"_message":"worker validation failed","errors":{"_userinfo":{"kind":"ObjectId","message":"Cast to ObjectId failed for value \"{ message: 'Error, no se encontro el registro' }\" (type Object) at path \"_userinfo\"","name":"CastError","path":"_userinfo","reason":{},"stringValue":"\"{ message: 'Error, no se encontro el registro' }\"","value":{"message":"Error, no se encontro el registro"},"valueType":"Object"}},"level":"error","timestamp":"2022-05-01T01:35:51.713Z"}
{"code":11000,"index":0,"keyPattern":{"username":1},"keyValue":{"username":"trabajador@gmail.com"},"level":"error","timestamp":"2022-05-01T01:36:43.902Z"}
{"_message":"worker validation failed","errors":{"_userinfo":{"kind":"ObjectId","message":"Cast to ObjectId failed for value \"{ message: 'Error, no se encontro el registro' }\" (type Object) at path \"_userinfo\"","name":"CastError","path":"_userinfo","reason":{},"stringValue":"\"{ message: 'Error, no se encontro el registro' }\"","value":{"message":"Error, no se encontro el registro"},"valueType":"Object"}},"level":"error","timestamp":"2022-05-01T01:38:03.566Z"}
{"code":11000,"index":0,"keyPattern":{"username":1},"keyValue":{"username":"trabajador@gmail.com"},"level":"error","timestamp":"2022-05-01T01:44:26.630Z"}
{"_message":"worker validation failed","errors":{"_userinfo":{"kind":"ObjectId","message":"Cast to ObjectId failed for value \"{ message: 'Error, no se encontro el registro' }\" (type Object) at path \"_userinfo\"","name":"CastError","path":"_userinfo","reason":{},"stringValue":"\"{ message: 'Error, no se encontro el registro' }\"","value":{"message":"Error, no se encontro el registro"},"valueType":"Object"}},"level":"error","timestamp":"2022-05-01T01:47:45.231Z"}
{"code":11000,"index":0,"keyPattern":{"username":1},"keyValue":{"username":"trabajador@gmail.com"},"level":"error","timestamp":"2022-05-01T01:47:55.132Z"}
{"_message":"worker validation failed","errors":{"_userinfo":{"kind":"ObjectId","message":"Cast to ObjectId failed for value \"{ message: 'Error, no se encontro el registro' }\" (type Object) at path \"_userinfo\"","name":"CastError","path":"_userinfo","reason":{},"stringValue":"\"{ message: 'Error, no se encontro el registro' }\"","value":{"message":"Error, no se encontro el registro"},"valueType":"Object"}},"level":"error","timestamp":"2022-05-01T01:48:54.979Z"}
{"_message":"user validation failed","errors":{"password":{"kind":"required","message":"Contraseña es requisito","name":"ValidatorError","path":"password","properties":{"message":"Contraseña es requisito","path":"password","type":"required","value":""},"value":""}},"level":"error","timestamp":"2022-05-01T01:49:44.210Z"}
{"level":"info","message":"Trabajador creado exitosamente: {\n  _userinfo: new ObjectId(\"6212d87db10d0ad7c5a684f7\"),\n  _ocupations: new ObjectId(\"6212ea75b41a0322db72edba\"),\n  description: 'asdasdasdasdsdasdasdasdasd',\n  rating: null,\n  _id: new ObjectId(\"626de73fbc2faff587da186b\"),\n  __v: 0\n}","timestamp":"2022-05-01T01:49:51.876Z"}
{"_message":"user validation failed","errors":{"password":{"kind":"required","message":"Contraseña es requisito","name":"ValidatorError","path":"password","properties":{"message":"Contraseña es requisito","path":"password","type":"required","value":""},"value":""}},"level":"error","timestamp":"2022-05-01T01:51:15.636Z"}
{"level":"info","message":"Trabajador creado exitosamente: {\n  _userinfo: new ObjectId(\"6212d87db10d0ad7c5a684f7\"),\n  _ocupations: new ObjectId(\"6212ea75b41a0322db72edba\"),\n  description: 'Ferchos asdasdasdasdasdasdasdasdsdsda',\n  rating: null,\n  _id: new ObjectId(\"626de796bc2faff587da186f\"),\n  __v: 0\n}","timestamp":"2022-05-01T01:51:18.489Z"}
{"level":"info","message":"API iniciada en el puerto 5000","timestamp":"2022-05-01T04:19:31.250Z"}
{"level":"info","message":"Conectado a la base de datos MongoDB","timestamp":"2022-05-01T04:19:31.278Z"}
{"_message":"user validation failed","errors":{"password":{"kind":"required","message":"Contraseña es requisito","name":"ValidatorError","path":"password","properties":{"message":"Contraseña es requisito","path":"password","type":"required","value":""},"value":""}},"level":"error","timestamp":"2022-05-01T04:22:23.220Z"}
{"level":"info","message":"Trabajador creado exitosamente: {\n  _userinfo: new ObjectId(\"6212d87db10d0ad7c5a684f7\"),\n  _ocupations: new ObjectId(\"6212ea2121f340a65d5a19ff\"),\n  description: 'Lalalalalalalalalala',\n  rating: null,\n  _id: new ObjectId(\"626e0b064377252b2e9280bc\"),\n  __v: 0\n}","timestamp":"2022-05-01T04:22:30.919Z"}
{"_message":"user validation failed","errors":{"password":{"kind":"required","message":"Contraseña es requisito","name":"ValidatorError","path":"password","properties":{"message":"Contraseña es requisito","path":"password","type":"required","value":""},"value":""}},"level":"error","timestamp":"2022-05-01T04:23:52.322Z"}
{"level":"info","message":"Trabajador creado exitosamente: {\n  _userinfo: new ObjectId(\"6212d87db10d0ad7c5a684f7\"),\n  _ocupations: new ObjectId(\"6212ea75b41a0322db72edba\"),\n  description: 'Lalalalalalalalalala',\n  rating: null,\n  _id: new ObjectId(\"626e0b5b4377252b2e9280c1\"),\n  __v: 0\n}","timestamp":"2022-05-01T04:23:55.871Z"}
{"_message":"user validation failed","errors":{"password":{"kind":"required","message":"Contraseña es requisito","name":"ValidatorError","path":"password","properties":{"message":"Contraseña es requisito","path":"password","type":"required","value":""},"value":""}},"level":"error","timestamp":"2022-05-01T04:25:55.398Z"}
{"_message":"worker validation failed","errors":{"_userinfo":{"kind":"ObjectId","message":"Cast to ObjectId failed for value \"trabajador@gmail.com\" (type string) at path \"_userinfo\"","name":"CastError","path":"_userinfo","reason":{},"stringValue":"\"trabajador@gmail.com\"","value":"trabajador@gmail.com","valueType":"string"}},"level":"error","timestamp":"2022-05-01T04:25:58.746Z"}
{"_message":"user validation failed","errors":{"password":{"kind":"required","message":"Contraseña es requisito","name":"ValidatorError","path":"password","properties":{"message":"Contraseña es requisito","path":"password","type":"required","value":""},"value":""}},"level":"error","timestamp":"2022-05-01T04:28:39.953Z"}
{"_message":"worker validation failed","errors":{"_userinfo":{"kind":"ObjectId","message":"Cast to ObjectId failed for value \"trabajador@gmail.com\" (type string) at path \"_userinfo\"","name":"CastError","path":"_userinfo","reason":{},"stringValue":"\"trabajador@gmail.com\"","value":"trabajador@gmail.com","valueType":"string"}},"level":"error","timestamp":"2022-05-01T04:28:59.200Z"}
{"level":"info","message":"API iniciada en el puerto 5000","timestamp":"2022-05-01T04:34:16.400Z"}
{"level":"info","message":"Conectado a la base de datos MongoDB","timestamp":"2022-05-01T04:34:16.431Z"}
{"level":"info","message":"API iniciada en el puerto 5000","timestamp":"2022-05-01T04:35:03.649Z"}
{"level":"info","message":"Conectado a la base de datos MongoDB","timestamp":"2022-05-01T04:35:03.683Z"}
{"level":"info","message":"API iniciada en el puerto 5000","timestamp":"2022-05-01T04:36:51.193Z"}
{"level":"info","message":"Conectado a la base de datos MongoDB","timestamp":"2022-05-01T04:36:51.221Z"}
{"level":"info","message":"API iniciada en el puerto 5000","timestamp":"2022-05-01T04:36:57.275Z"}
{"level":"info","message":"Conectado a la base de datos MongoDB","timestamp":"2022-05-01T04:36:57.317Z"}
{"level":"info","message":"API iniciada en el puerto 5000","timestamp":"2022-05-01T04:37:55.303Z"}
{"level":"info","message":"Conectado a la base de datos MongoDB","timestamp":"2022-05-01T04:37:55.333Z"}
{"level":"info","message":"Trabajador creado exitosamente: {\n  _userinfo: new ObjectId(\"6212d87db10d0ad7c5a684f7\"),\n  _ocupations: new ObjectId(\"6212ea75b41a0322db72edba\"),\n  description: 'asdasdasdasdasdasdasdsdas',\n  rating: null,\n  _id: new ObjectId(\"626e0eb656928baaf35c41b5\"),\n  __v: 0\n}","timestamp":"2022-05-01T04:38:14.665Z"}
{"level":"info","message":"API iniciada en el puerto 5000","timestamp":"2022-05-01T04:39:04.251Z"}
{"level":"info","message":"Conectado a la base de datos MongoDB","timestamp":"2022-05-01T04:39:04.277Z"}
{"_message":"user validation failed","errors":{"password":{"kind":"required","message":"Contraseña es requisito","name":"ValidatorError","path":"password","properties":{"message":"Contraseña es requisito","path":"password","type":"required","value":""},"value":""}},"level":"error","timestamp":"2022-05-01T04:40:46.113Z"}
{"_message":"worker validation failed","errors":{"_userinfo":{"kind":"ObjectId","message":"Cast to ObjectId failed for value \"trabajador@gmail.com\" (type string) at path \"_userinfo\"","name":"CastError","path":"_userinfo","reason":{},"stringValue":"\"trabajador@gmail.com\"","value":"trabajador@gmail.com","valueType":"string"}},"level":"error","timestamp":"2022-05-01T04:40:50.651Z"}
{"_message":"user validation failed","errors":{"password":{"kind":"required","message":"Contraseña es requisito","name":"ValidatorError","path":"password","properties":{"message":"Contraseña es requisito","path":"password","type":"required","value":""},"value":""}},"level":"error","timestamp":"2022-05-01T04:42:10.763Z"}
{"_message":"worker validation failed","errors":{"description":{"kind":"minlength","message":"La Descripción es muy corta","name":"ValidatorError","path":"description","properties":{"message":"La Descripción es muy corta","minlength":10,"path":"description","type":"minlength","value":"Sisinjalo"},"value":"Sisinjalo"}},"level":"error","timestamp":"2022-05-01T04:42:15.493Z"}
{"_message":"user validation failed","errors":{"password":{"kind":"required","message":"Contraseña es requisito","name":"ValidatorError","path":"password","properties":{"message":"Contraseña es requisito","path":"password","type":"required","value":""},"value":""}},"level":"error","timestamp":"2022-05-01T04:42:31.898Z"}
{"level":"info","message":"Trabajador creado exitosamente: {\n  _userinfo: new ObjectId(\"626de216bc2faff587da183b\"),\n  _ocupations: new ObjectId(\"6212ea2121f340a65d5a19ff\"),\n  description: 'Sisinjaloxdxdxdxdxd',\n  rating: null,\n  _id: new ObjectId(\"626e0fbaa1f9941182464a73\"),\n  __v: 0\n}","timestamp":"2022-05-01T04:42:34.903Z"}
{"code":11000,"index":0,"keyPattern":{"username":1},"keyValue":{"username":"trabajador@gmail.com"},"level":"error","timestamp":"2022-05-01T04:45:16.772Z"}
{"_message":"worker validation failed","errors":{"_userinfo":{"kind":"ObjectId","message":"Cast to ObjectId failed for value \"No existe el usuario\" (type string) at path \"_userinfo\"","name":"CastError","path":"_userinfo","reason":{},"stringValue":"\"No existe el usuario\"","value":"No existe el usuario","valueType":"string"}},"level":"error","timestamp":"2022-05-01T04:45:18.201Z"}
{"code":11000,"index":0,"keyPattern":{"username":1},"keyValue":{"username":"trabajador@gmail.com"},"level":"error","timestamp":"2022-05-01T04:45:41.588Z"}
{"_message":"worker validation failed","errors":{"_userinfo":{"kind":"ObjectId","message":"Cast to ObjectId failed for value \"No existe el usuario\" (type string) at path \"_userinfo\"","name":"CastError","path":"_userinfo","reason":{},"stringValue":"\"No existe el usuario\"","value":"No existe el usuario","valueType":"string"}},"level":"error","timestamp":"2022-05-01T04:45:43.049Z"}
{"code":11000,"index":0,"keyPattern":{"username":1},"keyValue":{"username":"trabajador@gmail.com"},"level":"error","timestamp":"2022-05-01T04:46:44.690Z"}
{"_message":"worker validation failed","errors":{"_userinfo":{"kind":"ObjectId","message":"Cast to ObjectId failed for value \"No existe el usuario\" (type string) at path \"_userinfo\"","name":"CastError","path":"_userinfo","reason":{},"stringValue":"\"No existe el usuario\"","value":"No existe el usuario","valueType":"string"}},"level":"error","timestamp":"2022-05-01T04:46:56.964Z"}
{"level":"info","message":"Usuario creado exitosamente: {\n  username: 'sdfsdfsdfsdfsdfsdf',\n  profilepicture: 'https://firebasestorage.googleapis.com/v0/b/ourker-app.appspot.com/o/imagesUser%2Ftumblr_pjvybnEboG1ruotsvo4_400.png?alt=media&token=244fe24a-72dc-4311-9d5e-69ffcdf9b3af',\n  fullname: 'sdfsdfsdfsdfsdf',\n  email: 'prueba@gmail.com',\n  password: 'sdfsdfsdfsdfsdfsdf',\n  _address: new ObjectId(\"626db16b72511ce674621b7b\"),\n  _id: new ObjectId(\"626e10fba1f9941182464a88\"),\n  __v: 0\n}","timestamp":"2022-05-01T04:47:55.769Z"}
{"level":"info","message":"Trabajador creado exitosamente: {\n  _userinfo: new ObjectId(\"626e10fba1f9941182464a88\"),\n  _ocupations: new ObjectId(\"6212ea2121f340a65d5a19ff\"),\n  description: 'sdfsdfdfdfadfadfdfggregergewfgdfsdfewefweferwxd',\n  rating: null,\n  _id: new ObjectId(\"626e10ffa1f9941182464a8c\"),\n  __v: 0\n}","timestamp":"2022-05-01T04:47:59.192Z"}
